<?xml version="1.0" encoding="UTF-8"?>
<testsuite name="social.edu.uacm.test.AlumnoTest" tests="1" skipped="0" failures="0" errors="0" timestamp="2016-06-09T04:20:56" hostname="LAPTOP-D29UP5SP" time="1.07">
  <properties/>
  <testcase name="test" classname="social.edu.uacm.test.AlumnoTest" time="1.07"/>
  <system-out><![CDATA[[DEBUG] SpringJUnit4ClassRunner constructor called with [class social.edu.uacm.test.AlumnoTest]
[DEBUG] Instantiating CacheAwareContextLoaderDelegate from class [org.springframework.test.context.cache.DefaultCacheAwareContextLoaderDelegate]
[DEBUG] Instantiating BootstrapContext using constructor [public org.springframework.test.context.support.DefaultBootstrapContext(java.lang.Class,org.springframework.test.context.CacheAwareContextLoaderDelegate)]
[DEBUG] Instantiating TestContextBootstrapper for test class [social.edu.uacm.test.AlumnoTest] from class [org.springframework.test.context.web.WebTestContextBootstrapper]
[DEBUG] Found explicit ContextLoader class [org.springframework.boot.test.SpringApplicationContextLoader] for context configuration attributes [ContextConfigurationAttributes@2dfea3f0 declaringClass = 'social.edu.uacm.test.AlumnoTest', classes = '{class social.edu.uacm.Application}', locations = '{}', inheritLocations = true, initializers = '{}', inheritInitializers = true, name = [null], contextLoaderClass = 'org.springframework.boot.test.SpringApplicationContextLoader']
[DEBUG] Did not detect default resource location for test class [social.edu.uacm.test.AlumnoTest]: class path resource [social/edu/uacm/test/AlumnoTest-context.xml] does not exist
[DEBUG] Did not detect default resource location for test class [social.edu.uacm.test.AlumnoTest]: class path resource [social/edu/uacm/test/AlumnoTestContext.groovy] does not exist
[INFO] Could not detect default resource locations for test class [social.edu.uacm.test.AlumnoTest]: no resource found for suffixes {-context.xml, Context.groovy}.
[DEBUG] Could not find an 'annotation declaring class' for annotation type [org.springframework.test.context.ActiveProfiles] and class [social.edu.uacm.test.AlumnoTest]
[DEBUG] @TestExecutionListeners is not present for class [social.edu.uacm.test.AlumnoTest]: using defaults.
[INFO] Loaded default TestExecutionListener class names from location [META-INF/spring.factories]: [org.springframework.test.context.web.ServletTestExecutionListener, org.springframework.test.context.support.DirtiesContextBeforeModesTestExecutionListener, org.springframework.test.context.support.DependencyInjectionTestExecutionListener, org.springframework.test.context.support.DirtiesContextTestExecutionListener, org.springframework.test.context.transaction.TransactionalTestExecutionListener, org.springframework.test.context.jdbc.SqlScriptsTestExecutionListener]
[INFO] Using TestExecutionListeners: [org.springframework.test.context.web.ServletTestExecutionListener@10804c6f, org.springframework.test.context.support.DirtiesContextBeforeModesTestExecutionListener@13bac59d, org.springframework.test.context.support.DependencyInjectionTestExecutionListener@750fb6d, org.springframework.test.context.support.DirtiesContextTestExecutionListener@5425c48b, org.springframework.test.context.transaction.TransactionalTestExecutionListener@46d41954, org.springframework.test.context.jdbc.SqlScriptsTestExecutionListener@307aa3e]
[DEBUG] Retrieved @ProfileValueSourceConfiguration [null] for test class [social.edu.uacm.test.AlumnoTest]
[DEBUG] Retrieved ProfileValueSource type [class org.springframework.test.annotation.SystemProfileValueSource] for class [social.edu.uacm.test.AlumnoTest]
[DEBUG] Retrieved @ProfileValueSourceConfiguration [null] for test class [social.edu.uacm.test.AlumnoTest]
[DEBUG] Retrieved ProfileValueSource type [class org.springframework.test.annotation.SystemProfileValueSource] for class [social.edu.uacm.test.AlumnoTest]
[DEBUG] Before test class: context [DefaultTestContext@14b252de testClass = AlumnoTest, testInstance = [null], testMethod = [null], testException = [null], mergedContextConfiguration = [WebMergedContextConfiguration@220189aa testClass = AlumnoTest, locations = '{}', classes = '{class social.edu.uacm.Application}', contextInitializerClasses = '[]', activeProfiles = '{}', propertySourceLocations = '{}', propertySourceProperties = '{}', resourceBasePath = 'src/main/webapp', contextLoader = 'org.springframework.boot.test.SpringApplicationContextLoader', parent = [null]]], class annotated with @DirtiesContext [false] with mode [null].
[DEBUG] Retrieved @ProfileValueSourceConfiguration [null] for test class [social.edu.uacm.test.AlumnoTest]
[DEBUG] Retrieved ProfileValueSource type [class org.springframework.test.annotation.SystemProfileValueSource] for class [social.edu.uacm.test.AlumnoTest]
[DEBUG] Adding [systemProperties] PropertySource with lowest search precedence
[DEBUG] Adding [systemEnvironment] PropertySource with lowest search precedence
[DEBUG] Initialized StandardEnvironment with PropertySources [systemProperties,systemEnvironment]
[DEBUG] Adding [integrationTest] PropertySource with search precedence immediately lower than [systemEnvironment]
[DEBUG] Searching for key 'context.listener.classes' in [systemProperties]
[DEBUG] Searching for key 'context.listener.classes' in [systemEnvironment]
[DEBUG] Searching for key 'context.listener.classes' in [random]
[DEBUG] Searching for key 'context.listener.classes' in [integrationTest]
[DEBUG] Searching for key 'context.listener.classes' in [applicationConfigurationProperties]
[DEBUG] Could not find key 'context.listener.classes' in any property source. Returning [null]
[DEBUG] Searching for key 'banner.location' in [systemProperties]
[DEBUG] Searching for key 'banner.location' in [systemEnvironment]
[DEBUG] Searching for key 'banner.location' in [random]
[DEBUG] Searching for key 'banner.location' in [integrationTest]
[DEBUG] Searching for key 'banner.location' in [applicationConfigurationProperties]
[DEBUG] Could not find key 'banner.location' in any property source. Returning [null]

  .   ____          _            __ _ _
 /\\ / ___'_ __ _ _(_)_ __  __ _ \ \ \ \
( ( )\___ | '_ | '_| | '_ \/ _` | \ \ \ \
 \\/  ___)| |_)| | | | | || (_| |  ) ) ) )
  '  |____| .__|_| |_|_| |_\__, | / / / /
 =========|_|==============|___/=/_/_/_/
 :: Spring Boot ::        (v1.3.3.RELEASE)

[DEBUG] Searching for key 'context.initializer.classes' in [systemProperties]
[DEBUG] Searching for key 'context.initializer.classes' in [systemEnvironment]
[DEBUG] Searching for key 'context.initializer.classes' in [random]
[DEBUG] Searching for key 'context.initializer.classes' in [integrationTest]
[DEBUG] Searching for key 'context.initializer.classes' in [applicationConfigurationProperties]
[DEBUG] Could not find key 'context.initializer.classes' in any property source. Returning [null]
[DEBUG] Searching for key 'spring.config.name:application' in [systemProperties]
[DEBUG] Searching for key 'spring.config.name:application' in [systemEnvironment]
[DEBUG] Searching for key 'spring.config.name:application' in [random]
[DEBUG] Searching for key 'spring.config.name:application' in [integrationTest]
[DEBUG] Searching for key 'spring.config.name:application' in [applicationConfigurationProperties]
[DEBUG] Could not find key 'spring.config.name:application' in any property source. Returning [null]
[DEBUG] Searching for key 'spring.config.name' in [systemProperties]
[DEBUG] Searching for key 'spring.config.name' in [systemEnvironment]
[DEBUG] Searching for key 'spring.config.name' in [random]
[DEBUG] Searching for key 'spring.config.name' in [integrationTest]
[DEBUG] Searching for key 'spring.config.name' in [applicationConfigurationProperties]
[DEBUG] Could not find key 'spring.config.name' in any property source. Returning [null]
[DEBUG] Searching for key 'vcap.application.name:application' in [systemProperties]
[DEBUG] Searching for key 'vcap.application.name:application' in [systemEnvironment]
[DEBUG] Searching for key 'vcap.application.name:application' in [random]
[DEBUG] Searching for key 'vcap.application.name:application' in [integrationTest]
[DEBUG] Searching for key 'vcap.application.name:application' in [applicationConfigurationProperties]
[DEBUG] Could not find key 'vcap.application.name:application' in any property source. Returning [null]
[DEBUG] Searching for key 'vcap.application.name' in [systemProperties]
[DEBUG] Searching for key 'vcap.application.name' in [systemEnvironment]
[DEBUG] Searching for key 'vcap.application.name' in [random]
[DEBUG] Searching for key 'vcap.application.name' in [integrationTest]
[DEBUG] Searching for key 'vcap.application.name' in [applicationConfigurationProperties]
[DEBUG] Could not find key 'vcap.application.name' in any property source. Returning [null]
[DEBUG] Searching for key 'spring.application.name:application' in [systemProperties]
[DEBUG] Searching for key 'spring.application.name:application' in [systemEnvironment]
[DEBUG] Searching for key 'spring.application.name:application' in [random]
[DEBUG] Searching for key 'spring.application.name:application' in [integrationTest]
[DEBUG] Searching for key 'spring.application.name:application' in [applicationConfigurationProperties]
[DEBUG] Could not find key 'spring.application.name:application' in any property source. Returning [null]
[DEBUG] Searching for key 'spring.application.name' in [systemProperties]
[DEBUG] Searching for key 'spring.application.name' in [systemEnvironment]
[DEBUG] Searching for key 'spring.application.name' in [random]
[DEBUG] Searching for key 'spring.application.name' in [integrationTest]
[DEBUG] Searching for key 'spring.application.name' in [applicationConfigurationProperties]
[DEBUG] Could not find key 'spring.application.name' in any property source. Returning [null]
[DEBUG] Searching for key 'PORT:null' in [systemProperties]
[DEBUG] Searching for key 'PORT:null' in [systemEnvironment]
[DEBUG] Searching for key 'PORT:null' in [random]
[DEBUG] Searching for key 'PORT:null' in [integrationTest]
[DEBUG] Searching for key 'PORT:null' in [applicationConfigurationProperties]
[DEBUG] Could not find key 'PORT:null' in any property source. Returning [null]
[DEBUG] Searching for key 'PORT' in [systemProperties]
[DEBUG] Searching for key 'PORT' in [systemEnvironment]
[DEBUG] Searching for key 'PORT' in [random]
[DEBUG] Searching for key 'PORT' in [integrationTest]
[DEBUG] Searching for key 'PORT' in [applicationConfigurationProperties]
[DEBUG] Could not find key 'PORT' in any property source. Returning [null]
[DEBUG] Searching for key 'server.port:null' in [systemProperties]
[DEBUG] Searching for key 'server.port:null' in [systemEnvironment]
[DEBUG] Searching for key 'server.port:null' in [random]
[DEBUG] Searching for key 'server.port:null' in [integrationTest]
[DEBUG] Searching for key 'server.port:null' in [applicationConfigurationProperties]
[DEBUG] Could not find key 'server.port:null' in any property source. Returning [null]
[DEBUG] Searching for key 'server.port' in [systemProperties]
[DEBUG] Searching for key 'server.port' in [systemEnvironment]
[DEBUG] Searching for key 'server.port' in [random]
[DEBUG] Searching for key 'server.port' in [integrationTest]
[DEBUG] Found key 'server.port' in [integrationTest] with type [String] and value '-1'
[DEBUG] Searching for key 'spring.application.index:-1' in [systemProperties]
[DEBUG] Searching for key 'spring.application.index:-1' in [systemEnvironment]
[DEBUG] Searching for key 'spring.application.index:-1' in [random]
[DEBUG] Searching for key 'spring.application.index:-1' in [integrationTest]
[DEBUG] Searching for key 'spring.application.index:-1' in [applicationConfigurationProperties]
[DEBUG] Could not find key 'spring.application.index:-1' in any property source. Returning [null]
[DEBUG] Searching for key 'spring.application.index' in [systemProperties]
[DEBUG] Searching for key 'spring.application.index' in [systemEnvironment]
[DEBUG] Searching for key 'spring.application.index' in [random]
[DEBUG] Searching for key 'spring.application.index' in [integrationTest]
[DEBUG] Searching for key 'spring.application.index' in [applicationConfigurationProperties]
[DEBUG] Could not find key 'spring.application.index' in any property source. Returning [null]
[DEBUG] Searching for key 'vcap.application.instance_index:-1' in [systemProperties]
[DEBUG] Searching for key 'vcap.application.instance_index:-1' in [systemEnvironment]
[DEBUG] Searching for key 'vcap.application.instance_index:-1' in [random]
[DEBUG] Searching for key 'vcap.application.instance_index:-1' in [integrationTest]
[DEBUG] Searching for key 'vcap.application.instance_index:-1' in [applicationConfigurationProperties]
[DEBUG] Could not find key 'vcap.application.instance_index:-1' in any property source. Returning [null]
[DEBUG] Searching for key 'vcap.application.instance_index' in [systemProperties]
[DEBUG] Searching for key 'vcap.application.instance_index' in [systemEnvironment]
[DEBUG] Searching for key 'vcap.application.instance_index' in [random]
[DEBUG] Searching for key 'vcap.application.instance_index' in [integrationTest]
[DEBUG] Searching for key 'vcap.application.instance_index' in [applicationConfigurationProperties]
[DEBUG] Could not find key 'vcap.application.instance_index' in any property source. Returning [null]
[DEBUG] Searching for key 'spring.profiles.active' in [systemProperties]
[DEBUG] Searching for key 'spring.profiles.active' in [systemEnvironment]
[DEBUG] Searching for key 'spring.profiles.active' in [random]
[DEBUG] Searching for key 'spring.profiles.active' in [integrationTest]
[DEBUG] Searching for key 'spring.profiles.active' in [applicationConfigurationProperties]
[DEBUG] Could not find key 'spring.profiles.active' in any property source. Returning [null]
[INFO] Starting AlumnoTest on LAPTOP-D29UP5SP with PID 12896 (C:\Users\netoz\Documents\workspace-sts-3.7.3.RELEASE\Social-UACM\build\classes\test started by netoz in C:\Users\netoz\Documents\workspace-sts-3.7.3.RELEASE\Social-UACM)
[DEBUG] Running with Spring Boot v1.3.3.RELEASE, Spring v4.2.5.RELEASE
[DEBUG] Searching for key 'spring.profiles.active' in [systemProperties]
[DEBUG] Searching for key 'spring.profiles.active' in [systemEnvironment]
[DEBUG] Searching for key 'spring.profiles.active' in [random]
[DEBUG] Searching for key 'spring.profiles.active' in [integrationTest]
[DEBUG] Searching for key 'spring.profiles.active' in [applicationConfigurationProperties]
[DEBUG] Could not find key 'spring.profiles.active' in any property source. Returning [null]
[DEBUG] Searching for key 'spring.profiles.default' in [systemProperties]
[DEBUG] Searching for key 'spring.profiles.default' in [systemEnvironment]
[DEBUG] Searching for key 'spring.profiles.default' in [random]
[DEBUG] Searching for key 'spring.profiles.default' in [integrationTest]
[DEBUG] Searching for key 'spring.profiles.default' in [applicationConfigurationProperties]
[DEBUG] Could not find key 'spring.profiles.default' in any property source. Returning [null]
[INFO] No active profile set, falling back to default profiles: default
[DEBUG] Loading source class social.edu.uacm.Application
[DEBUG] JSR-250 'javax.annotation.ManagedBean' found and supported for component scanning
[DEBUG] Loaded config file 'classpath:/application.properties'
[DEBUG] Skipped (empty) config file 'classpath:/application.properties' for profile default
[INFO] Refreshing org.springframework.web.context.support.GenericWebApplicationContext@5be397e: startup date [Wed Jun 08 23:20:05 CDT 2016]; root of context hierarchy
[DEBUG] Bean factory for org.springframework.web.context.support.GenericWebApplicationContext@5be397e: org.springframework.beans.factory.support.DefaultListableBeanFactory@7f31380e: defining beans [org.springframework.context.annotation.internalConfigurationAnnotationProcessor,org.springframework.context.annotation.internalAutowiredAnnotationProcessor,org.springframework.context.annotation.internalRequiredAnnotationProcessor,org.springframework.context.annotation.internalCommonAnnotationProcessor,org.springframework.context.annotation.internalPersistenceAnnotationProcessor,org.springframework.context.event.internalEventListenerProcessor,org.springframework.context.event.internalEventListenerFactory,application]; root of factory hierarchy
[DEBUG] Registering scope 'request' with implementation [org.springframework.web.context.request.RequestScope@201a50d6]
[DEBUG] Registering scope 'session' with implementation [org.springframework.web.context.request.SessionScope@7762bb2a]
[DEBUG] Registering scope 'globalSession' with implementation [org.springframework.web.context.request.SessionScope@50cd9f0]
[DEBUG] Registering scope 'application' with implementation [org.springframework.web.context.support.ServletContextScope@1882d630]
[DEBUG] Creating shared instance of singleton bean 'org.springframework.context.annotation.internalConfigurationAnnotationProcessor'
[DEBUG] Creating instance of bean 'org.springframework.context.annotation.internalConfigurationAnnotationProcessor'
[DEBUG] Eagerly caching bean 'org.springframework.context.annotation.internalConfigurationAnnotationProcessor' to allow for resolving potential circular references
[DEBUG] Finished creating instance of bean 'org.springframework.context.annotation.internalConfigurationAnnotationProcessor'
[DEBUG] Adding [systemProperties] PropertySource with lowest search precedence
[DEBUG] Adding [systemEnvironment] PropertySource with lowest search precedence
[DEBUG] Initialized StandardEnvironment with PropertySources [systemProperties,systemEnvironment]
[DEBUG] JSR-250 'javax.annotation.ManagedBean' found and supported for component scanning
[DEBUG] Resolved classpath location [social/edu/uacm/] to resources [URL [file:/C:/Users/netoz/Documents/workspace-sts-3.7.3.RELEASE/Social-UACM/build/instrumented_classes/social/edu/uacm/], URL [file:/C:/Users/netoz/Documents/workspace-sts-3.7.3.RELEASE/Social-UACM/build/classes/test/social/edu/uacm/], URL [file:/C:/Users/netoz/Documents/workspace-sts-3.7.3.RELEASE/Social-UACM/build/classes/main/social/edu/uacm/]]
[DEBUG] Looking for matching resources in directory tree [C:\Users\netoz\Documents\workspace-sts-3.7.3.RELEASE\Social-UACM\build\instrumented_classes\social\edu\uacm]
[DEBUG] Searching directory [C:\Users\netoz\Documents\workspace-sts-3.7.3.RELEASE\Social-UACM\build\instrumented_classes\social\edu\uacm] for files matching pattern [C:/Users/netoz/Documents/workspace-sts-3.7.3.RELEASE/Social-UACM/build/instrumented_classes/social/edu/uacm/**/*.class]
[DEBUG] Searching directory [C:\Users\netoz\Documents\workspace-sts-3.7.3.RELEASE\Social-UACM\build\instrumented_classes\social\edu\uacm\controller] for files matching pattern [C:/Users/netoz/Documents/workspace-sts-3.7.3.RELEASE/Social-UACM/build/instrumented_classes/social/edu/uacm/**/*.class]
[DEBUG] Searching directory [C:\Users\netoz\Documents\workspace-sts-3.7.3.RELEASE\Social-UACM\build\instrumented_classes\social\edu\uacm\dao] for files matching pattern [C:/Users/netoz/Documents/workspace-sts-3.7.3.RELEASE/Social-UACM/build/instrumented_classes/social/edu/uacm/**/*.class]
[DEBUG] Searching directory [C:\Users\netoz\Documents\workspace-sts-3.7.3.RELEASE\Social-UACM\build\instrumented_classes\social\edu\uacm\dao\impl] for files matching pattern [C:/Users/netoz/Documents/workspace-sts-3.7.3.RELEASE/Social-UACM/build/instrumented_classes/social/edu/uacm/**/*.class]
[DEBUG] Searching directory [C:\Users\netoz\Documents\workspace-sts-3.7.3.RELEASE\Social-UACM\build\instrumented_classes\social\edu\uacm\domain] for files matching pattern [C:/Users/netoz/Documents/workspace-sts-3.7.3.RELEASE/Social-UACM/build/instrumented_classes/social/edu/uacm/**/*.class]
[DEBUG] Searching directory [C:\Users\netoz\Documents\workspace-sts-3.7.3.RELEASE\Social-UACM\build\instrumented_classes\social\edu\uacm\service] for files matching pattern [C:/Users/netoz/Documents/workspace-sts-3.7.3.RELEASE/Social-UACM/build/instrumented_classes/social/edu/uacm/**/*.class]
[DEBUG] Searching directory [C:\Users\netoz\Documents\workspace-sts-3.7.3.RELEASE\Social-UACM\build\instrumented_classes\social\edu\uacm\service\impl] for files matching pattern [C:/Users/netoz/Documents/workspace-sts-3.7.3.RELEASE/Social-UACM/build/instrumented_classes/social/edu/uacm/**/*.class]
[DEBUG] Searching directory [C:\Users\netoz\Documents\workspace-sts-3.7.3.RELEASE\Social-UACM\build\instrumented_classes\social\edu\uacm\util] for files matching pattern [C:/Users/netoz/Documents/workspace-sts-3.7.3.RELEASE/Social-UACM/build/instrumented_classes/social/edu/uacm/**/*.class]
[DEBUG] Looking for matching resources in directory tree [C:\Users\netoz\Documents\workspace-sts-3.7.3.RELEASE\Social-UACM\build\classes\test\social\edu\uacm]
[DEBUG] Searching directory [C:\Users\netoz\Documents\workspace-sts-3.7.3.RELEASE\Social-UACM\build\classes\test\social\edu\uacm] for files matching pattern [C:/Users/netoz/Documents/workspace-sts-3.7.3.RELEASE/Social-UACM/build/classes/test/social/edu/uacm/**/*.class]
[DEBUG] Searching directory [C:\Users\netoz\Documents\workspace-sts-3.7.3.RELEASE\Social-UACM\build\classes\test\social\edu\uacm\test] for files matching pattern [C:/Users/netoz/Documents/workspace-sts-3.7.3.RELEASE/Social-UACM/build/classes/test/social/edu/uacm/**/*.class]
[DEBUG] Looking for matching resources in directory tree [C:\Users\netoz\Documents\workspace-sts-3.7.3.RELEASE\Social-UACM\build\classes\main\social\edu\uacm]
[DEBUG] Searching directory [C:\Users\netoz\Documents\workspace-sts-3.7.3.RELEASE\Social-UACM\build\classes\main\social\edu\uacm] for files matching pattern [C:/Users/netoz/Documents/workspace-sts-3.7.3.RELEASE/Social-UACM/build/classes/main/social/edu/uacm/**/*.class]
[DEBUG] Searching directory [C:\Users\netoz\Documents\workspace-sts-3.7.3.RELEASE\Social-UACM\build\classes\main\social\edu\uacm\controller] for files matching pattern [C:/Users/netoz/Documents/workspace-sts-3.7.3.RELEASE/Social-UACM/build/classes/main/social/edu/uacm/**/*.class]
[DEBUG] Searching directory [C:\Users\netoz\Documents\workspace-sts-3.7.3.RELEASE\Social-UACM\build\classes\main\social\edu\uacm\dao] for files matching pattern [C:/Users/netoz/Documents/workspace-sts-3.7.3.RELEASE/Social-UACM/build/classes/main/social/edu/uacm/**/*.class]
[DEBUG] Searching directory [C:\Users\netoz\Documents\workspace-sts-3.7.3.RELEASE\Social-UACM\build\classes\main\social\edu\uacm\dao\impl] for files matching pattern [C:/Users/netoz/Documents/workspace-sts-3.7.3.RELEASE/Social-UACM/build/classes/main/social/edu/uacm/**/*.class]
[DEBUG] Searching directory [C:\Users\netoz\Documents\workspace-sts-3.7.3.RELEASE\Social-UACM\build\classes\main\social\edu\uacm\domain] for files matching pattern [C:/Users/netoz/Documents/workspace-sts-3.7.3.RELEASE/Social-UACM/build/classes/main/social/edu/uacm/**/*.class]
[DEBUG] Searching directory [C:\Users\netoz\Documents\workspace-sts-3.7.3.RELEASE\Social-UACM\build\classes\main\social\edu\uacm\service] for files matching pattern [C:/Users/netoz/Documents/workspace-sts-3.7.3.RELEASE/Social-UACM/build/classes/main/social/edu/uacm/**/*.class]
[DEBUG] Searching directory [C:\Users\netoz\Documents\workspace-sts-3.7.3.RELEASE\Social-UACM\build\classes\main\social\edu\uacm\service\impl] for files matching pattern [C:/Users/netoz/Documents/workspace-sts-3.7.3.RELEASE/Social-UACM/build/classes/main/social/edu/uacm/**/*.class]
[DEBUG] Searching directory [C:\Users\netoz\Documents\workspace-sts-3.7.3.RELEASE\Social-UACM\build\classes\main\social\edu\uacm\util] for files matching pattern [C:/Users/netoz/Documents/workspace-sts-3.7.3.RELEASE/Social-UACM/build/classes/main/social/edu/uacm/**/*.class]
[DEBUG] Resolved location pattern [classpath*:social/edu/uacm/**/*.class] to resources [file [C:\Users\netoz\Documents\workspace-sts-3.7.3.RELEASE\Social-UACM\build\instrumented_classes\social\edu\uacm\Application.class], file [C:\Users\netoz\Documents\workspace-sts-3.7.3.RELEASE\Social-UACM\build\instrumented_classes\social\edu\uacm\controller\PeticionController.class], file [C:\Users\netoz\Documents\workspace-sts-3.7.3.RELEASE\Social-UACM\build\instrumented_classes\social\edu\uacm\dao\AlumnoDao.class], file [C:\Users\netoz\Documents\workspace-sts-3.7.3.RELEASE\Social-UACM\build\instrumented_classes\social\edu\uacm\dao\impl\AlumnoDaoImpl$1.class], file [C:\Users\netoz\Documents\workspace-sts-3.7.3.RELEASE\Social-UACM\build\instrumented_classes\social\edu\uacm\dao\impl\AlumnoDaoImpl.class], file [C:\Users\netoz\Documents\workspace-sts-3.7.3.RELEASE\Social-UACM\build\instrumented_classes\social\edu\uacm\domain\Alumno.class], file [C:\Users\netoz\Documents\workspace-sts-3.7.3.RELEASE\Social-UACM\build\instrumented_classes\social\edu\uacm\domain\AlumnoRepositorio.class], file [C:\Users\netoz\Documents\workspace-sts-3.7.3.RELEASE\Social-UACM\build\instrumented_classes\social\edu\uacm\domain\AlumnoRepository.class], file [C:\Users\netoz\Documents\workspace-sts-3.7.3.RELEASE\Social-UACM\build\instrumented_classes\social\edu\uacm\domain\Documento.class], file [C:\Users\netoz\Documents\workspace-sts-3.7.3.RELEASE\Social-UACM\build\instrumented_classes\social\edu\uacm\domain\DocumentoRepository.class], file [C:\Users\netoz\Documents\workspace-sts-3.7.3.RELEASE\Social-UACM\build\instrumented_classes\social\edu\uacm\MvcConfig.class], file [C:\Users\netoz\Documents\workspace-sts-3.7.3.RELEASE\Social-UACM\build\instrumented_classes\social\edu\uacm\service\impl\MyUserDetailsServiceImpl.class], file [C:\Users\netoz\Documents\workspace-sts-3.7.3.RELEASE\Social-UACM\build\instrumented_classes\social\edu\uacm\service\impl\PeticionServiceImpl.class], file [C:\Users\netoz\Documents\workspace-sts-3.7.3.RELEASE\Social-UACM\build\instrumented_classes\social\edu\uacm\service\MyUserDetailsService.class], file [C:\Users\netoz\Documents\workspace-sts-3.7.3.RELEASE\Social-UACM\build\instrumented_classes\social\edu\uacm\service\PeticionService.class], file [C:\Users\netoz\Documents\workspace-sts-3.7.3.RELEASE\Social-UACM\build\instrumented_classes\social\edu\uacm\util\MySimpleUrlAuthenticationSuccessHandler.class], file [C:\Users\netoz\Documents\workspace-sts-3.7.3.RELEASE\Social-UACM\build\instrumented_classes\social\edu\uacm\WebSecurityConfig.class], file [C:\Users\netoz\Documents\workspace-sts-3.7.3.RELEASE\Social-UACM\build\classes\test\social\edu\uacm\test\AlumnoTest.class], file [C:\Users\netoz\Documents\workspace-sts-3.7.3.RELEASE\Social-UACM\build\classes\test\social\edu\uacm\test\DocumentoTest.class], file [C:\Users\netoz\Documents\workspace-sts-3.7.3.RELEASE\Social-UACM\build\classes\main\social\edu\uacm\Application.class], file [C:\Users\netoz\Documents\workspace-sts-3.7.3.RELEASE\Social-UACM\build\classes\main\social\edu\uacm\controller\PeticionController.class], file [C:\Users\netoz\Documents\workspace-sts-3.7.3.RELEASE\Social-UACM\build\classes\main\social\edu\uacm\dao\AlumnoDao.class], file [C:\Users\netoz\Documents\workspace-sts-3.7.3.RELEASE\Social-UACM\build\classes\main\social\edu\uacm\dao\impl\AlumnoDaoImpl$1.class], file [C:\Users\netoz\Documents\workspace-sts-3.7.3.RELEASE\Social-UACM\build\classes\main\social\edu\uacm\dao\impl\AlumnoDaoImpl.class], file [C:\Users\netoz\Documents\workspace-sts-3.7.3.RELEASE\Social-UACM\build\classes\main\social\edu\uacm\domain\Alumno.class], file [C:\Users\netoz\Documents\workspace-sts-3.7.3.RELEASE\Social-UACM\build\classes\main\social\edu\uacm\domain\AlumnoRepositorio.class], file [C:\Users\netoz\Documents\workspace-sts-3.7.3.RELEASE\Social-UACM\build\classes\main\social\edu\uacm\domain\AlumnoRepository.class], file [C:\Users\netoz\Documents\workspace-sts-3.7.3.RELEASE\Social-UACM\build\classes\main\social\edu\uacm\domain\Documento.class], file [C:\Users\netoz\Documents\workspace-sts-3.7.3.RELEASE\Social-UACM\build\classes\main\social\edu\uacm\domain\DocumentoRepository.class], file [C:\Users\netoz\Documents\workspace-sts-3.7.3.RELEASE\Social-UACM\build\classes\main\social\edu\uacm\MvcConfig.class], file [C:\Users\netoz\Documents\workspace-sts-3.7.3.RELEASE\Social-UACM\build\classes\main\social\edu\uacm\service\impl\MyUserDetailsServiceImpl.class], file [C:\Users\netoz\Documents\workspace-sts-3.7.3.RELEASE\Social-UACM\build\classes\main\social\edu\uacm\service\impl\PeticionServiceImpl.class], file [C:\Users\netoz\Documents\workspace-sts-3.7.3.RELEASE\Social-UACM\build\classes\main\social\edu\uacm\service\MyUserDetailsService.class], file [C:\Users\netoz\Documents\workspace-sts-3.7.3.RELEASE\Social-UACM\build\classes\main\social\edu\uacm\service\PeticionService.class], file [C:\Users\netoz\Documents\workspace-sts-3.7.3.RELEASE\Social-UACM\build\classes\main\social\edu\uacm\util\MySimpleUrlAuthenticationSuccessHandler.class], file [C:\Users\netoz\Documents\workspace-sts-3.7.3.RELEASE\Social-UACM\build\classes\main\social\edu\uacm\WebSecurityConfig.class]]
[DEBUG] Identified candidate component class: file [C:\Users\netoz\Documents\workspace-sts-3.7.3.RELEASE\Social-UACM\build\instrumented_classes\social\edu\uacm\controller\PeticionController.class]
[DEBUG] Identified candidate component class: file [C:\Users\netoz\Documents\workspace-sts-3.7.3.RELEASE\Social-UACM\build\instrumented_classes\social\edu\uacm\dao\impl\AlumnoDaoImpl.class]
[DEBUG] Identified candidate component class: file [C:\Users\netoz\Documents\workspace-sts-3.7.3.RELEASE\Social-UACM\build\instrumented_classes\social\edu\uacm\domain\AlumnoRepositorio.class]
[DEBUG] Identified candidate component class: file [C:\Users\netoz\Documents\workspace-sts-3.7.3.RELEASE\Social-UACM\build\instrumented_classes\social\edu\uacm\MvcConfig.class]
[DEBUG] Identified candidate component class: file [C:\Users\netoz\Documents\workspace-sts-3.7.3.RELEASE\Social-UACM\build\instrumented_classes\social\edu\uacm\service\impl\MyUserDetailsServiceImpl.class]
[DEBUG] Identified candidate component class: file [C:\Users\netoz\Documents\workspace-sts-3.7.3.RELEASE\Social-UACM\build\instrumented_classes\social\edu\uacm\service\impl\PeticionServiceImpl.class]
[DEBUG] Identified candidate component class: file [C:\Users\netoz\Documents\workspace-sts-3.7.3.RELEASE\Social-UACM\build\instrumented_classes\social\edu\uacm\util\MySimpleUrlAuthenticationSuccessHandler.class]
[DEBUG] Identified candidate component class: file [C:\Users\netoz\Documents\workspace-sts-3.7.3.RELEASE\Social-UACM\build\instrumented_classes\social\edu\uacm\WebSecurityConfig.class]
[DEBUG] Identified candidate component class: file [C:\Users\netoz\Documents\workspace-sts-3.7.3.RELEASE\Social-UACM\build\classes\main\social\edu\uacm\controller\PeticionController.class]
[DEBUG] Identified candidate component class: file [C:\Users\netoz\Documents\workspace-sts-3.7.3.RELEASE\Social-UACM\build\classes\main\social\edu\uacm\dao\impl\AlumnoDaoImpl.class]
[DEBUG] Identified candidate component class: file [C:\Users\netoz\Documents\workspace-sts-3.7.3.RELEASE\Social-UACM\build\classes\main\social\edu\uacm\domain\AlumnoRepositorio.class]
[DEBUG] Identified candidate component class: file [C:\Users\netoz\Documents\workspace-sts-3.7.3.RELEASE\Social-UACM\build\classes\main\social\edu\uacm\MvcConfig.class]
[DEBUG] Identified candidate component class: file [C:\Users\netoz\Documents\workspace-sts-3.7.3.RELEASE\Social-UACM\build\classes\main\social\edu\uacm\service\impl\MyUserDetailsServiceImpl.class]
[DEBUG] Identified candidate component class: file [C:\Users\netoz\Documents\workspace-sts-3.7.3.RELEASE\Social-UACM\build\classes\main\social\edu\uacm\service\impl\PeticionServiceImpl.class]
[DEBUG] Identified candidate component class: file [C:\Users\netoz\Documents\workspace-sts-3.7.3.RELEASE\Social-UACM\build\classes\main\social\edu\uacm\util\MySimpleUrlAuthenticationSuccessHandler.class]
[DEBUG] Identified candidate component class: file [C:\Users\netoz\Documents\workspace-sts-3.7.3.RELEASE\Social-UACM\build\classes\main\social\edu\uacm\WebSecurityConfig.class]
[DEBUG] Logging Provider: org.jboss.logging.Slf4jLoggerProvider found via system property
[INFO] HV000001: Hibernate Validator 5.2.4.Final
[DEBUG] Found javax.persistence.Persistence on classpath containing 'getPersistenceUtil'. Assuming JPA 2 environment. Trying to instantiate JPA aware TraversableResolver
[DEBUG] Instantiated JPA aware TraversableResolver of type org.hibernate.validator.internal.engine.resolver.JPATraversableResolver.
[DEBUG] Searching for key 'java.runtime.name' in [systemProperties]
[DEBUG] Found key 'java.runtime.name' in [systemProperties] with type [String] and value 'Java(TM) SE Runtime Environment'
[DEBUG] Searching for key 'sun.boot.library.path' in [systemProperties]
[DEBUG] Found key 'sun.boot.library.path' in [systemProperties] with type [String] and value 'C:\Program Files\Java\jdk1.8.0_91\jre\bin'
[DEBUG] Searching for key 'java.vm.version' in [systemProperties]
[DEBUG] Found key 'java.vm.version' in [systemProperties] with type [String] and value '25.91-b14'
[DEBUG] Searching for key 'java.vm.vendor' in [systemProperties]
[DEBUG] Found key 'java.vm.vendor' in [systemProperties] with type [String] and value 'Oracle Corporation'
[DEBUG] Searching for key 'java.vendor.url' in [systemProperties]
[DEBUG] Found key 'java.vendor.url' in [systemProperties] with type [String] and value 'http://java.oracle.com/'
[DEBUG] Searching for key 'path.separator' in [systemProperties]
[DEBUG] Found key 'path.separator' in [systemProperties] with type [String] and value ';'
[DEBUG] Searching for key 'java.vm.name' in [systemProperties]
[DEBUG] Found key 'java.vm.name' in [systemProperties] with type [String] and value 'Java HotSpot(TM) 64-Bit Server VM'
[DEBUG] Searching for key 'file.encoding.pkg' in [systemProperties]
[DEBUG] Found key 'file.encoding.pkg' in [systemProperties] with type [String] and value 'sun.io'
[DEBUG] Searching for key 'user.script' in [systemProperties]
[DEBUG] Found key 'user.script' in [systemProperties] with type [String] and value ''
[DEBUG] Searching for key 'sun.java.launcher' in [systemProperties]
[DEBUG] Found key 'sun.java.launcher' in [systemProperties] with type [String] and value 'SUN_STANDARD'
[DEBUG] Searching for key 'user.country' in [systemProperties]
[DEBUG] Found key 'user.country' in [systemProperties] with type [String] and value 'MX'
[DEBUG] Searching for key 'sun.os.patch.level' in [systemProperties]
[DEBUG] Found key 'sun.os.patch.level' in [systemProperties] with type [String] and value ''
[DEBUG] Searching for key 'PID' in [systemProperties]
[DEBUG] Found key 'PID' in [systemProperties] with type [String] and value '12896'
[DEBUG] Searching for key 'java.vm.specification.name' in [systemProperties]
[DEBUG] Found key 'java.vm.specification.name' in [systemProperties] with type [String] and value 'Java Virtual Machine Specification'
[DEBUG] Searching for key 'user.dir' in [systemProperties]
[DEBUG] Found key 'user.dir' in [systemProperties] with type [String] and value 'C:\Users\netoz\Documents\workspace-sts-3.7.3.RELEASE\Social-UACM'
[DEBUG] Searching for key 'java.runtime.version' in [systemProperties]
[DEBUG] Found key 'java.runtime.version' in [systemProperties] with type [String] and value '1.8.0_91-b14'
[DEBUG] Searching for key 'java.awt.graphicsenv' in [systemProperties]
[DEBUG] Found key 'java.awt.graphicsenv' in [systemProperties] with type [String] and value 'sun.awt.Win32GraphicsEnvironment'
[DEBUG] Searching for key 'org.jboss.logging.provider' in [systemProperties]
[DEBUG] Found key 'org.jboss.logging.provider' in [systemProperties] with type [String] and value 'slf4j'
[DEBUG] Searching for key 'java.endorsed.dirs' in [systemProperties]
[DEBUG] Found key 'java.endorsed.dirs' in [systemProperties] with type [String] and value 'C:\Program Files\Java\jdk1.8.0_91\jre\lib\endorsed'
[DEBUG] Searching for key 'os.arch' in [systemProperties]
[DEBUG] Found key 'os.arch' in [systemProperties] with type [String] and value 'amd64'
[DEBUG] Searching for key 'java.io.tmpdir' in [systemProperties]
[DEBUG] Found key 'java.io.tmpdir' in [systemProperties] with type [String] and value 'C:\Users\netoz\AppData\Local\Temp\'
[DEBUG] Searching for key 'line.separator' in [systemProperties]
[DEBUG] Found key 'line.separator' in [systemProperties] with type [String] and value '
'
[DEBUG] Searching for key 'java.vm.specification.vendor' in [systemProperties]
[DEBUG] Found key 'java.vm.specification.vendor' in [systemProperties] with type [String] and value 'Oracle Corporation'
[DEBUG] Searching for key 'user.variant' in [systemProperties]
[DEBUG] Found key 'user.variant' in [systemProperties] with type [String] and value ''
[DEBUG] Searching for key 'os.name' in [systemProperties]
[DEBUG] Found key 'os.name' in [systemProperties] with type [String] and value 'Windows 10'
[DEBUG] Searching for key 'net.sourceforge.cobertura.datafile' in [systemProperties]
[DEBUG] Found key 'net.sourceforge.cobertura.datafile' in [systemProperties] with type [String] and value 'C:\Users\netoz\Documents\workspace-sts-3.7.3.RELEASE\Social-UACM\build\cobertura\cobertura.ser'
[DEBUG] Searching for key 'sun.jnu.encoding' in [systemProperties]
[DEBUG] Found key 'sun.jnu.encoding' in [systemProperties] with type [String] and value 'Cp1252'
[DEBUG] Searching for key 'spring.beaninfo.ignore' in [systemProperties]
[DEBUG] Found key 'spring.beaninfo.ignore' in [systemProperties] with type [String] and value 'true'
[DEBUG] Searching for key 'java.library.path' in [systemProperties]
[DEBUG] Found key 'java.library.path' in [systemProperties] with type [String] and value 'C:\Program Files\Java\jdk1.8.0_91\bin;C:\windows\Sun\Java\bin;C:\windows\system32;C:\windows;C:\ProgramData\Oracle\Java\javapath;C:\Program Files (x86)\Intel\TXE Components\TCS\;C:\Program Files\Intel\TXE Components\TCS\;C:\windows\system32;C:\windows;C:\windows\System32\Wbem;C:\windows\System32\WindowsPowerShell\v1.0\;C:\Program Files\Intel\TXE Components\DAL\;C:\Program Files (x86)\Intel\TXE Components\DAL\;C:\Program Files\Intel\TXE Components\IPT\;C:\Program Files (x86)\Intel\TXE Components\IPT\;C:\Program Files\Java\jre1.8.0_91\bin;C:\gradle-2.12\bin;C:\Program Files (x86)\MySQL\MySQL Fabric 1.5 & MySQL Utilities 1.5\;C:\Program Files (x86)\MySQL\MySQL Fabric 1.5 & MySQL Utilities 1.5\Doctrine extensions for PHP\;C:\Program Files (x86)\Windows Live\Shared;C:\windows\system32\config\systemprofile\.dnx\bin;C:\Program Files\Microsoft DNX\Dnvm\;C:\Program Files\Microsoft SQL Server\130\Tools\Binn\;C:\JMeter\bin;C:\Program Files\Java\jre1.8.0_91\bin;C:\Program Files (x86)\Windows Kits\10\Windows Performance Toolkit\;C:\Program Files (x86)\nodejs\;C:\Program Files\Git\cmd;C:\Users\netoz\AppData\Roaming\npm;.'
[DEBUG] Searching for key 'java.specification.name' in [systemProperties]
[DEBUG] Found key 'java.specification.name' in [systemProperties] with type [String] and value 'Java Platform API Specification'
[DEBUG] Searching for key 'java.class.version' in [systemProperties]
[DEBUG] Found key 'java.class.version' in [systemProperties] with type [String] and value '52.0'
[DEBUG] Searching for key 'sun.management.compiler' in [systemProperties]
[DEBUG] Found key 'sun.management.compiler' in [systemProperties] with type [String] and value 'HotSpot 64-Bit Tiered Compilers'
[DEBUG] Searching for key 'os.version' in [systemProperties]
[DEBUG] Found key 'os.version' in [systemProperties] with type [String] and value '10.0'
[DEBUG] Searching for key 'user.home' in [systemProperties]
[DEBUG] Found key 'user.home' in [systemProperties] with type [String] and value 'C:\Users\netoz'
[DEBUG] Searching for key 'user.timezone' in [systemProperties]
[DEBUG] Found key 'user.timezone' in [systemProperties] with type [String] and value 'America/Mexico_City'
[DEBUG] Searching for key 'java.awt.printerjob' in [systemProperties]
[DEBUG] Found key 'java.awt.printerjob' in [systemProperties] with type [String] and value 'sun.awt.windows.WPrinterJob'
[DEBUG] Searching for key 'file.encoding' in [systemProperties]
[DEBUG] Found key 'file.encoding' in [systemProperties] with type [String] and value 'windows-1252'
[DEBUG] Searching for key 'java.specification.version' in [systemProperties]
[DEBUG] Found key 'java.specification.version' in [systemProperties] with type [String] and value '1.8'
[DEBUG] Searching for key 'java.class.path' in [systemProperties]
[DEBUG] Found key 'java.class.path' in [systemProperties] with type [String] and value 'C:\Users\netoz\Documents\workspace-sts-3.7.3.RELEASE\Social-UACM\build\instrumented_classes;C:\Users\netoz\Documents\workspace-sts-3.7.3.RELEASE\Social-UACM\build\classes\test;C:\Users\netoz\Documents\workspace-sts-3.7.3.RELEASE\Social-UACM\build\resources\test;C:\Users\netoz\Documents\workspace-sts-3.7.3.RELEASE\Social-UACM\build\classes\main;C:\Users\netoz\Documents\workspace-sts-3.7.3.RELEASE\Social-UACM\build\resources\main;C:\Users\netoz\.gradle\caches\modules-2\files-2.1\org.springframework.boot\spring-boot-starter-web\1.3.3.RELEASE\f1ee2657f50844d8682b30a1f40aebff3ad60cce\spring-boot-starter-web-1.3.3.RELEASE.jar;C:\Users\netoz\.gradle\caches\modules-2\files-2.1\org.springframework.boot\spring-boot-starter-test\1.3.3.RELEASE\f440856dcf4c3018c9005fa229e7509f28927a73\spring-boot-starter-test-1.3.3.RELEASE.jar;C:\Users\netoz\.gradle\caches\modules-2\files-2.1\org.springframework.boot\spring-boot-starter-data-jpa\1.3.3.RELEASE\c1f8f3102650e54259d69c519b45b64fbf5cd25b\spring-boot-starter-data-jpa-1.3.3.RELEASE.jar;C:\Users\netoz\.gradle\caches\modules-2\files-2.1\mysql\mysql-connector-java\5.1.31\95baa522c5ae4dbff61e8ebd1b2578665d6853a0\mysql-connector-java-5.1.31.jar;C:\Users\netoz\.gradle\caches\modules-2\files-2.1\org.thymeleaf\thymeleaf-spring4\2.1.4.RELEASE\e5677e7daedfd05e001945abf4295305ac23826b\thymeleaf-spring4-2.1.4.RELEASE.jar;C:\Users\netoz\.gradle\caches\modules-2\files-2.1\org.springframework.boot\spring-boot-starter-security\1.3.3.RELEASE\bb649df7b53ab5dc09780d63067400a240e3f366\spring-boot-starter-security-1.3.3.RELEASE.jar;C:\Users\netoz\.gradle\caches\modules-2\files-2.1\junit\junit\4.12\2973d150c0dc1fefe998f834810d68f278ea58ec\junit-4.12.jar;C:\Users\netoz\.gradle\caches\modules-2\files-2.1\org.springframework.boot\spring-boot-starter\1.3.3.RELEASE\e4a71ce6ae8e42a7535dd9f1a39f91d36c538f28\spring-boot-starter-1.3.3.RELEASE.jar;C:\Users\netoz\.gradle\caches\modules-2\files-2.1\org.springframework.boot\spring-boot-starter-tomcat\1.3.3.RELEASE\541468d85cc2c94d2b538b0fa07c018847bb9b78\spring-boot-starter-tomcat-1.3.3.RELEASE.jar;C:\Users\netoz\.gradle\caches\modules-2\files-2.1\org.springframework.boot\spring-boot-starter-validation\1.3.3.RELEASE\df2d5a437fa3093b8da99216c355189fe7b5e64\spring-boot-starter-validation-1.3.3.RELEASE.jar;C:\Users\netoz\.gradle\caches\modules-2\files-2.1\com.fasterxml.jackson.core\jackson-databind\2.6.5\d50be1723a09befd903887099ff2014ea9020333\jackson-databind-2.6.5.jar;C:\Users\netoz\.gradle\caches\modules-2\files-2.1\org.springframework\spring-web\4.2.5.RELEASE\49cd2430884b77172aa81e3fc33ef668ea1dab30\spring-web-4.2.5.RELEASE.jar;C:\Users\netoz\.gradle\caches\modules-2\files-2.1\org.springframework\spring-webmvc\4.2.5.RELEASE\cf463cce3e4453eb4b9a69de2dcdfd60c3c57e0\spring-webmvc-4.2.5.RELEASE.jar;C:\Users\netoz\.gradle\caches\modules-2\files-2.1\org.mockito\mockito-core\1.10.19\e8546f5bef4e061d8dd73895b4e8f40e3fe6effe\mockito-core-1.10.19.jar;C:\Users\netoz\.gradle\caches\modules-2\files-2.1\org.hamcrest\hamcrest-core\1.3\42a25dc3219429f0e5d060061f71acb49bf010a0\hamcrest-core-1.3.jar;C:\Users\netoz\.gradle\caches\modules-2\files-2.1\org.hamcrest\hamcrest-library\1.3\4785a3c21320980282f9f33d0d1264a69040538f\hamcrest-library-1.3.jar;C:\Users\netoz\.gradle\caches\modules-2\files-2.1\org.springframework\spring-core\4.2.5.RELEASE\251207b29f0f38f61e3495a2f7fb053cf1bfe8c\spring-core-4.2.5.RELEASE.jar;C:\Users\netoz\.gradle\caches\modules-2\files-2.1\org.springframework\spring-test\4.2.5.RELEASE\60bd0ac25869d515717284b77644d0416d3a38c5\spring-test-4.2.5.RELEASE.jar;C:\Users\netoz\.gradle\caches\modules-2\files-2.1\org.springframework.boot\spring-boot-starter-aop\1.3.3.RELEASE\f80c290f6a3dccb8255a594795a20048c63460da\spring-boot-starter-aop-1.3.3.RELEASE.jar;C:\Users\netoz\.gradle\caches\modules-2\files-2.1\org.springframework.boot\spring-boot-starter-jdbc\1.3.3.RELEASE\f10ffeca4c879f1f66f30989cc0f133258934246\spring-boot-starter-jdbc-1.3.3.RELEASE.jar;C:\Users\netoz\.gradle\caches\modules-2\files-2.1\org.hibernate\hibernate-entitymanager\4.3.11.Final\27a119fcc2b91c50e5285dd11158fac2c38c9d1b\hibernate-entitymanager-4.3.11.Final.jar;C:\Users\netoz\.gradle\caches\modules-2\files-2.1\javax.transaction\javax.transaction-api\1.2\d81aff979d603edd90dcd8db2abc1f4ce6479e3e\javax.transaction-api-1.2.jar;C:\Users\netoz\.gradle\caches\modules-2\files-2.1\org.springframework.data\spring-data-jpa\1.9.4.RELEASE\80b83510e67aa085b7d91d2d096d90133ec995de\spring-data-jpa-1.9.4.RELEASE.jar;C:\Users\netoz\.gradle\caches\modules-2\files-2.1\org.springframework\spring-aspects\4.2.5.RELEASE\ed09517441a276db2a7e0e7b60a390c52b8093af\spring-aspects-4.2.5.RELEASE.jar;C:\Users\netoz\.gradle\caches\modules-2\files-2.1\org.thymeleaf\thymeleaf\2.1.4.RELEASE\a730d892f3c57ba3d24af2ca657b42d81398a85a\thymeleaf-2.1.4.RELEASE.jar;C:\Users\netoz\.gradle\caches\modules-2\files-2.1\org.slf4j\slf4j-api\1.7.16\3a6274f658487d5bfff9af3862beff6da1e7fd52\slf4j-api-1.7.16.jar;C:\Users\netoz\.gradle\caches\modules-2\files-2.1\org.springframework\spring-aop\4.2.5.RELEASE\858d6c70909b3ce7e07b59fc936f8ccfcd81c0aa\spring-aop-4.2.5.RELEASE.jar;C:\Users\netoz\.gradle\caches\modules-2\files-2.1\org.springframework.security\spring-security-config\4.0.3.RELEASE\31c0a4d0159f1b668d9512f57fb46aac29949b08\spring-security-config-4.0.3.RELEASE.jar;C:\Users\netoz\.gradle\caches\modules-2\files-2.1\org.springframework.security\spring-security-web\4.0.3.RELEASE\5f0233d94ca53ac8710780b43791f633f970480a\spring-security-web-4.0.3.RELEASE.jar;C:\Users\netoz\.gradle\caches\modules-2\files-2.1\org.springframework.boot\spring-boot\1.3.3.RELEASE\641cc375499d444e4efbc1801902260daa79758d\spring-boot-1.3.3.RELEASE.jar;C:\Users\netoz\.gradle\caches\modules-2\files-2.1\org.springframework.boot\spring-boot-autoconfigure\1.3.3.RELEASE\e7a4a25f74dac6b335ffabc43e3e8a6e3066340e\spring-boot-autoconfigure-1.3.3.RELEASE.jar;C:\Users\netoz\.gradle\caches\modules-2\files-2.1\org.springframework.boot\spring-boot-starter-logging\1.3.3.RELEASE\16b395c84f28b947f1c336aa461fda1e662bb3b6\spring-boot-starter-logging-1.3.3.RELEASE.jar;C:\Users\netoz\.gradle\caches\modules-2\files-2.1\org.yaml\snakeyaml\1.16\d64fb662c9e42789149f5078a62a22edda786c6a\snakeyaml-1.16.jar;C:\Users\netoz\.gradle\caches\modules-2\files-2.1\org.apache.tomcat.embed\tomcat-embed-core\8.0.32\734ead0c803525cc9c7f283438101734ca9aac01\tomcat-embed-core-8.0.32.jar;C:\Users\netoz\.gradle\caches\modules-2\files-2.1\org.apache.tomcat.embed\tomcat-embed-el\8.0.32\82adf8bd959fc046d55490e6f2ce67297c91d62b\tomcat-embed-el-8.0.32.jar;C:\Users\netoz\.gradle\caches\modules-2\files-2.1\org.apache.tomcat.embed\tomcat-embed-logging-juli\8.0.32\5e664b357710a6c43cad2191404c2a9d0b82cdb3\tomcat-embed-logging-juli-8.0.32.jar;C:\Users\netoz\.gradle\caches\modules-2\files-2.1\org.apache.tomcat.embed\tomcat-embed-websocket\8.0.32\237ca58dac66f438579750169e6cb297ac041c9d\tomcat-embed-websocket-8.0.32.jar;C:\Users\netoz\.gradle\caches\modules-2\files-2.1\org.hibernate\hibernate-validator\5.2.4.Final\fb18766b576aa6632bcfe9a20a023cbd52bf9769\hibernate-validator-5.2.4.Final.jar;C:\Users\netoz\.gradle\caches\modules-2\files-2.1\com.fasterxml.jackson.core\jackson-annotations\2.6.5\65137ebf85056473b40c311f889601646a7612ba\jackson-annotations-2.6.5.jar;C:\Users\netoz\.gradle\caches\modules-2\files-2.1\com.fasterxml.jackson.core\jackson-core\2.6.5\334369d7eff497f358b248c171dac0dd62c68f67\jackson-core-2.6.5.jar;C:\Users\netoz\.gradle\caches\modules-2\files-2.1\org.springframework\spring-beans\4.2.5.RELEASE\fa992ae40f6fc47117282164e0433b71da385e94\spring-beans-4.2.5.RELEASE.jar;C:\Users\netoz\.gradle\caches\modules-2\files-2.1\org.springframework\spring-context\4.2.5.RELEASE\a75e18322c7b362fe1daa26a245ae672ec0f3138\spring-context-4.2.5.RELEASE.jar;C:\Users\netoz\.gradle\caches\modules-2\files-2.1\org.springframework\spring-expression\4.2.5.RELEASE\a42bdfb833d0be6c18429aea3fb0fba81f85c6e8\spring-expression-4.2.5.RELEASE.jar;C:\Users\netoz\.gradle\caches\modules-2\files-2.1\org.objenesis\objenesis\2.1\87c0ea803b69252868d09308b4618f766f135a96\objenesis-2.1.jar;C:\Users\netoz\.gradle\caches\modules-2\files-2.1\org.aspectj\aspectjweaver\1.8.8\969c8d3d3d56db1e1c8721a03ef07d0c9ac3a2e4\aspectjweaver-1.8.8.jar;C:\Users\netoz\.gradle\caches\modules-2\files-2.1\org.apache.tomcat\tomcat-jdbc\8.0.32\55396c45fc8c34f31420a3b280fde4b1387b044d\tomcat-jdbc-8.0.32.jar;C:\Users\netoz\.gradle\caches\modules-2\files-2.1\org.springframework\spring-jdbc\4.2.5.RELEASE\205d2f1b902eac16a2ece772dc5ac6090b7e0b6f\spring-jdbc-4.2.5.RELEASE.jar;C:\Users\netoz\.gradle\caches\modules-2\files-2.1\org.jboss.logging\jboss-logging\3.3.0.Final\3616bb87707910296e2c195dc016287080bba5af\jboss-logging-3.3.0.Final.jar;C:\Users\netoz\.gradle\caches\modules-2\files-2.1\org.jboss.logging\jboss-logging-annotations\1.2.0.Beta1\2f437f37bb265d9f8f1392823dbca12d2bec06d6\jboss-logging-annotations-1.2.0.Beta1.jar;C:\Users\netoz\.gradle\caches\modules-2\files-2.1\org.hibernate\hibernate-core\4.3.11.Final\536ac0021240d97db99c7d2983067cef1a6f3af5\hibernate-core-4.3.11.Final.jar;C:\Users\netoz\.gradle\caches\modules-2\files-2.1\dom4j\dom4j\1.6.1\5d3ccc056b6f056dbf0dddfdf43894b9065a8f94\dom4j-1.6.1.jar;C:\Users\netoz\.gradle\caches\modules-2\files-2.1\org.hibernate.common\hibernate-commons-annotations\4.0.5.Final\2a581b9edb8168e45060d8bad8b7f46712d2c52c\hibernate-commons-annotations-4.0.5.Final.jar;C:\Users\netoz\.gradle\caches\modules-2\files-2.1\org.hibernate.javax.persistence\hibernate-jpa-2.1-api\1.0.0.Final\5e731d961297e5a07290bfaf3db1fbc8bbbf405a\hibernate-jpa-2.1-api-1.0.0.Final.jar;C:\Users\netoz\.gradle\caches\modules-2\files-2.1\org.javassist\javassist\3.18.1-GA\d9a09f7732226af26bf99f19e2cffe0ae219db5b\javassist-3.18.1-GA.jar;C:\Users\netoz\.gradle\caches\modules-2\files-2.1\org.springframework.data\spring-data-commons\1.11.4.RELEASE\c2b1fd4dbf7dff772d6124bb35892759e8bf088e\spring-data-commons-1.11.4.RELEASE.jar;C:\Users\netoz\.gradle\caches\modules-2\files-2.1\org.springframework\spring-orm\4.2.5.RELEASE\60625981b837ba93e603d3068d69c6397ecb3ad2\spring-orm-4.2.5.RELEASE.jar;C:\Users\netoz\.gradle\caches\modules-2\files-2.1\org.springframework\spring-tx\4.2.5.RELEASE\7395321fe937272d9b781a13985e04ab2dcd6210\spring-tx-4.2.5.RELEASE.jar;C:\Users\netoz\.gradle\caches\modules-2\files-2.1\org.slf4j\jcl-over-slf4j\1.7.16\34e48073884704ac987d3d1a1ab9b60e62028a9\jcl-over-slf4j-1.7.16.jar;C:\Users\netoz\.gradle\caches\modules-2\files-2.1\ognl\ognl\3.0.8\37e1aebfde7eb7baebc9ad4f85116ef9009c5fc5\ognl-3.0.8.jar;C:\Users\netoz\.gradle\caches\modules-2\files-2.1\org.unbescape\unbescape\1.1.0.RELEASE\ab0db4fe0a6fa89fb8da2a40008a4e63a7f3f5b9\unbescape-1.1.0.RELEASE.jar;C:\Users\netoz\.gradle\caches\modules-2\files-2.1\aopalliance\aopalliance\1.0\235ba8b489512805ac13a8f9ea77a1ca5ebe3e8\aopalliance-1.0.jar;C:\Users\netoz\.gradle\caches\modules-2\files-2.1\org.springframework.security\spring-security-core\4.0.3.RELEASE\9f420c5742ad063970c5d33f60680a1cee777aa5\spring-security-core-4.0.3.RELEASE.jar;C:\Users\netoz\.gradle\caches\modules-2\files-2.1\ch.qos.logback\logback-classic\1.1.5\92353eb144695bba80b31f7bec4f36d871f230ac\logback-classic-1.1.5.jar;C:\Users\netoz\.gradle\caches\modules-2\files-2.1\org.slf4j\jul-to-slf4j\1.7.16\2d5b546c5557dcbf08c3a381d7dc9bd275a602c1\jul-to-slf4j-1.7.16.jar;C:\Users\netoz\.gradle\caches\modules-2\files-2.1\org.slf4j\log4j-over-slf4j\1.7.16\c5922f37c8a5e4377cfb543c549f10e73d72ede0\log4j-over-slf4j-1.7.16.jar;C:\Users\netoz\.gradle\caches\modules-2\files-2.1\javax.validation\validation-api\1.1.0.Final\8613ae82954779d518631e05daa73a6a954817d5\validation-api-1.1.0.Final.jar;C:\Users\netoz\.gradle\caches\modules-2\files-2.1\com.fasterxml\classmate\1.1.0\dbbd699a1486ad0f2ed6f5af6cfed66acacb9056\classmate-1.1.0.jar;C:\Users\netoz\.gradle\caches\modules-2\files-2.1\org.apache.tomcat\tomcat-juli\8.0.32\71471069cea029dfdce0735337864c7d0a3d9992\tomcat-juli-8.0.32.jar;C:\Users\netoz\.gradle\caches\modules-2\files-2.1\antlr\antlr\2.7.7\83cd2cd674a217ade95a4bb83a8a14f351f48bd0\antlr-2.7.7.jar;C:\Users\netoz\.gradle\caches\modules-2\files-2.1\org.jboss\jandex\1.1.0.Final\e84a2122e76f0b6503be78094ddf2108057ac15f\jandex-1.1.0.Final.jar;C:\Users\netoz\.gradle\caches\modules-2\files-2.1\xml-apis\xml-apis\1.0.b2\3136ca936f64c9d68529f048c2618bd356bf85c9\xml-apis-1.0.b2.jar;C:\Users\netoz\.gradle\caches\modules-2\files-2.1\ch.qos.logback\logback-core\1.1.5\16722afde74444716e299bee1f60aec9f6d1f0dc\logback-core-1.1.5.jar;C:\Users\netoz\.gradle\caches\modules-2\files-2.1\net.sourceforge.cobertura\cobertura\2.1.1\eab984794b3f7d0d37736a9e5b7f790128f611b5\cobertura-2.1.1.jar;C:\Users\netoz\.gradle\caches\modules-2\files-2.1\org.ow2.asm\asm\5.0.1\2fd56467a018aafe6ec6a73ccba520be4a7e1565\asm-5.0.1.jar;C:\Users\netoz\.gradle\caches\modules-2\files-2.1\org.ow2.asm\asm-tree\5.0.1\1b1e6e9d869acd704056d0a4223071a511c619e6\asm-tree-5.0.1.jar;C:\Users\netoz\.gradle\caches\modules-2\files-2.1\org.ow2.asm\asm-commons\5.0.1\7b7147a390a93a14d2edfdcf3f7b0e87a0939c3e\asm-commons-5.0.1.jar;C:\Users\netoz\.gradle\caches\modules-2\files-2.1\org.ow2.asm\asm-util\5.0.1\7c8caddfbd0b2d7b844f8fcc75175b9cb9cf4724\asm-util-5.0.1.jar;C:\Users\netoz\.gradle\caches\modules-2\files-2.1\org.ow2.asm\asm-analysis\5.0.1\e286fbee48efacb4e7c175f7948d9d8b2ab52352\asm-analysis-5.0.1.jar;C:\Users\netoz\.gradle\caches\modules-2\files-2.1\oro\oro\2.0.8\5592374f834645c4ae250f4c9fbb314c9369d698\oro-2.0.8.jar;C:\Users\netoz\.gradle\caches\modules-2\files-2.1\jaxen\jaxen\1.1.6\3f8c36d9a0578e8e98f030c662b69888b1430ac0\jaxen-1.1.6.jar;C:\Users\netoz\.gradle\caches\modules-2\files-2.1\org.apache.ant\ant\1.8.3\77c746ecab048b9839c7a8e39e55fe8636c5b11\ant-1.8.3.jar;C:\Users\netoz\.gradle\caches\modules-2\files-2.1\org.apache.ant\ant-junit\1.8.3\9f77eec4e103241602fb0cdd97b3ec3237e0bd9\ant-junit-1.8.3.jar;C:\Users\netoz\.gradle\caches\modules-2\files-2.1\org.mortbay.jetty\servlet-api-2.5\6.1.14\5f07601ab7d7c85dd9e38a17c0e1b0edfbd4a191\servlet-api-2.5-6.1.14.jar;C:\Users\netoz\.gradle\caches\modules-2\files-2.1\org.mortbay.jetty\jetty\6.1.14\5ded67b609e59c27e82ff61b510773d28c9bef56\jetty-6.1.14.jar;C:\Users\netoz\.gradle\caches\modules-2\files-2.1\org.mortbay.jetty\jetty-util\6.1.14\1b707d5884e35c9b97114a24aa9ee94ca531fa21\jetty-util-6.1.14.jar;C:\Users\netoz\.gradle\caches\modules-2\files-2.1\org.apache.commons\commons-lang3\3.3.2\90a3822c38ec8c996e84c16a3477ef632cbc87a3\commons-lang3-3.3.2.jar;C:\Users\netoz\.gradle\caches\modules-2\files-2.1\org.apache.ant\ant-launcher\1.8.3\a22bcf9438c41828b04c13b052c4886606abac2\ant-launcher-1.8.3.jar'
[DEBUG] Searching for key 'user.name' in [systemProperties]
[DEBUG] Found key 'user.name' in [systemProperties] with type [String] and value 'netoz'
[DEBUG] Searching for key 'java.vm.specification.version' in [systemProperties]
[DEBUG] Found key 'java.vm.specification.version' in [systemProperties] with type [String] and value '1.8'
[DEBUG] Searching for key 'sun.java.command' in [systemProperties]
[DEBUG] Found key 'sun.java.command' in [systemProperties] with type [String] and value 'jarjar.org.gradle.process.internal.launcher.GradleWorkerMain 'Gradle Test Executor 1''
[DEBUG] Searching for key 'java.home' in [systemProperties]
[DEBUG] Found key 'java.home' in [systemProperties] with type [String] and value 'C:\Program Files\Java\jdk1.8.0_91\jre'
[DEBUG] Searching for key 'sun.arch.data.model' in [systemProperties]
[DEBUG] Found key 'sun.arch.data.model' in [systemProperties] with type [String] and value '64'
[DEBUG] Searching for key 'user.language' in [systemProperties]
[DEBUG] Found key 'user.language' in [systemProperties] with type [String] and value 'es'
[DEBUG] Searching for key 'java.specification.vendor' in [systemProperties]
[DEBUG] Found key 'java.specification.vendor' in [systemProperties] with type [String] and value 'Oracle Corporation'
[DEBUG] Searching for key 'awt.toolkit' in [systemProperties]
[DEBUG] Found key 'awt.toolkit' in [systemProperties] with type [String] and value 'sun.awt.windows.WToolkit'
[DEBUG] Searching for key 'java.vm.info' in [systemProperties]
[DEBUG] Found key 'java.vm.info' in [systemProperties] with type [String] and value 'mixed mode'
[DEBUG] Searching for key 'java.version' in [systemProperties]
[DEBUG] Found key 'java.version' in [systemProperties] with type [String] and value '1.8.0_91'
[DEBUG] Searching for key 'java.ext.dirs' in [systemProperties]
[DEBUG] Found key 'java.ext.dirs' in [systemProperties] with type [String] and value 'C:\Program Files\Java\jdk1.8.0_91\jre\lib\ext;C:\windows\Sun\Java\lib\ext'
[DEBUG] Searching for key 'sun.boot.class.path' in [systemProperties]
[DEBUG] Found key 'sun.boot.class.path' in [systemProperties] with type [String] and value 'C:\Program Files\Java\jdk1.8.0_91\jre\lib\resources.jar;C:\Program Files\Java\jdk1.8.0_91\jre\lib\rt.jar;C:\Program Files\Java\jdk1.8.0_91\jre\lib\sunrsasign.jar;C:\Program Files\Java\jdk1.8.0_91\jre\lib\jsse.jar;C:\Program Files\Java\jdk1.8.0_91\jre\lib\jce.jar;C:\Program Files\Java\jdk1.8.0_91\jre\lib\charsets.jar;C:\Program Files\Java\jdk1.8.0_91\jre\lib\jfr.jar;C:\Program Files\Java\jdk1.8.0_91\jre\classes'
[DEBUG] Searching for key 'java.awt.headless' in [systemProperties]
[DEBUG] Found key 'java.awt.headless' in [systemProperties] with type [String] and value 'true'
[DEBUG] Searching for key 'java.vendor' in [systemProperties]
[DEBUG] Found key 'java.vendor' in [systemProperties] with type [String] and value 'Oracle Corporation'
[DEBUG] Searching for key 'org.gradle.test.worker' in [systemProperties]
[DEBUG] Found key 'org.gradle.test.worker' in [systemProperties] with type [String] and value '1'
[DEBUG] Searching for key 'file.separator' in [systemProperties]
[DEBUG] Found key 'file.separator' in [systemProperties] with type [String] and value '\'
[DEBUG] Searching for key 'java.vendor.url.bug' in [systemProperties]
[DEBUG] Found key 'java.vendor.url.bug' in [systemProperties] with type [String] and value 'http://bugreport.sun.com/bugreport/'
[DEBUG] Searching for key 'sun.io.unicode.encoding' in [systemProperties]
[DEBUG] Found key 'sun.io.unicode.encoding' in [systemProperties] with type [String] and value 'UnicodeLittle'
[DEBUG] Searching for key 'sun.cpu.endian' in [systemProperties]
[DEBUG] Found key 'sun.cpu.endian' in [systemProperties] with type [String] and value 'little'
[DEBUG] Searching for key 'sun.desktop' in [systemProperties]
[DEBUG] Found key 'sun.desktop' in [systemProperties] with type [String] and value 'windows'
[DEBUG] Searching for key 'sun.cpu.isalist' in [systemProperties]
[DEBUG] Found key 'sun.cpu.isalist' in [systemProperties] with type [String] and value 'amd64'
[DEBUG] Searching for key 'USERDOMAIN_ROAMINGPROFILE' in [systemProperties]
[DEBUG] Searching for key 'USERDOMAIN_ROAMINGPROFILE' in [systemEnvironment]
[DEBUG] Found key 'USERDOMAIN_ROAMINGPROFILE' in [systemEnvironment] with type [String] and value 'LAPTOP-D29UP5SP'
[DEBUG] Searching for key 'PROCESSOR_LEVEL' in [systemProperties]
[DEBUG] Searching for key 'PROCESSOR_LEVEL' in [systemEnvironment]
[DEBUG] Found key 'PROCESSOR_LEVEL' in [systemEnvironment] with type [String] and value '6'
[DEBUG] Searching for key 'RegionCode' in [systemProperties]
[DEBUG] Searching for key 'RegionCode' in [systemEnvironment]
[DEBUG] Found key 'RegionCode' in [systemEnvironment] with type [String] and value 'LA'
[DEBUG] Searching for key 'VS140COMNTOOLS' in [systemProperties]
[DEBUG] Searching for key 'VS140COMNTOOLS' in [systemEnvironment]
[DEBUG] Found key 'VS140COMNTOOLS' in [systemEnvironment] with type [String] and value 'C:\Program Files (x86)\Microsoft Visual Studio 14.0\Common7\Tools\'
[DEBUG] Searching for key 'SESSIONNAME' in [systemProperties]
[DEBUG] Searching for key 'SESSIONNAME' in [systemEnvironment]
[DEBUG] Found key 'SESSIONNAME' in [systemEnvironment] with type [String] and value 'Console'
[DEBUG] Searching for key 'ALLUSERSPROFILE' in [systemProperties]
[DEBUG] Searching for key 'ALLUSERSPROFILE' in [systemEnvironment]
[DEBUG] Found key 'ALLUSERSPROFILE' in [systemEnvironment] with type [String] and value 'C:\ProgramData'
[DEBUG] Searching for key 'PROCESSOR_ARCHITECTURE' in [systemProperties]
[DEBUG] Searching for key 'PROCESSOR_ARCHITECTURE' in [systemEnvironment]
[DEBUG] Found key 'PROCESSOR_ARCHITECTURE' in [systemEnvironment] with type [String] and value 'AMD64'
[DEBUG] Searching for key 'PSModulePath' in [systemProperties]
[DEBUG] Searching for key 'PSModulePath' in [systemEnvironment]
[DEBUG] Found key 'PSModulePath' in [systemEnvironment] with type [String] and value 'C:\Program Files\WindowsPowerShell\Modules;C:\windows\system32\WindowsPowerShell\v1.0\Modules'
[DEBUG] Searching for key 'SystemDrive' in [systemProperties]
[DEBUG] Searching for key 'SystemDrive' in [systemEnvironment]
[DEBUG] Found key 'SystemDrive' in [systemEnvironment] with type [String] and value 'C:'
[DEBUG] Searching for key 'DIRNAME' in [systemProperties]
[DEBUG] Searching for key 'DIRNAME' in [systemEnvironment]
[DEBUG] Found key 'DIRNAME' in [systemEnvironment] with type [String] and value 'C:\gradle-2.12\bin\'
[DEBUG] Searching for key 'USERNAME' in [systemProperties]
[DEBUG] Searching for key 'USERNAME' in [systemEnvironment]
[DEBUG] Found key 'USERNAME' in [systemEnvironment] with type [String] and value 'netoz'
[DEBUG] Searching for key 'CMD_LINE_ARGS' in [systemProperties]
[DEBUG] Searching for key 'CMD_LINE_ARGS' in [systemEnvironment]
[DEBUG] Found key 'CMD_LINE_ARGS' in [systemEnvironment] with type [String] and value 'cobertura'
[DEBUG] Searching for key 'ProgramFiles(x86)' in [systemProperties]
[DEBUG] Searching for key 'ProgramFiles(x86)' in [systemEnvironment]
[DEBUG] Found key 'ProgramFiles(x86)' in [systemEnvironment] with type [String] and value 'C:\Program Files (x86)'
[DEBUG] Searching for key 'FPS_BROWSER_USER_PROFILE_STRING' in [systemProperties]
[DEBUG] Searching for key 'FPS_BROWSER_USER_PROFILE_STRING' in [systemEnvironment]
[DEBUG] Found key 'FPS_BROWSER_USER_PROFILE_STRING' in [systemEnvironment] with type [String] and value 'Default'
[DEBUG] Searching for key 'APP_HOME' in [systemProperties]
[DEBUG] Searching for key 'APP_HOME' in [systemEnvironment]
[DEBUG] Found key 'APP_HOME' in [systemEnvironment] with type [String] and value 'C:\gradle-2.12\bin\..'
[DEBUG] Searching for key 'PATHEXT' in [systemProperties]
[DEBUG] Searching for key 'PATHEXT' in [systemEnvironment]
[DEBUG] Found key 'PATHEXT' in [systemEnvironment] with type [String] and value '.COM;.EXE;.BAT;.CMD;.VBS;.VBE;.JS;.JSE;.WSF;.WSH;.MSC'
[DEBUG] Searching for key 'platformcode' in [systemProperties]
[DEBUG] Searching for key 'platformcode' in [systemEnvironment]
[DEBUG] Found key 'platformcode' in [systemEnvironment] with type [String] and value 'KV'
[DEBUG] Searching for key 'ProgramData' in [systemProperties]
[DEBUG] Searching for key 'ProgramData' in [systemEnvironment]
[DEBUG] Found key 'ProgramData' in [systemEnvironment] with type [String] and value 'C:\ProgramData'
[DEBUG] Searching for key 'ProgramW6432' in [systemProperties]
[DEBUG] Searching for key 'ProgramW6432' in [systemEnvironment]
[DEBUG] Found key 'ProgramW6432' in [systemEnvironment] with type [String] and value 'C:\Program Files'
[DEBUG] Searching for key 'HOMEPATH' in [systemProperties]
[DEBUG] Searching for key 'HOMEPATH' in [systemEnvironment]
[DEBUG] Found key 'HOMEPATH' in [systemEnvironment] with type [String] and value '\Users\netoz'
[DEBUG] Searching for key 'PROCESSOR_IDENTIFIER' in [systemProperties]
[DEBUG] Searching for key 'PROCESSOR_IDENTIFIER' in [systemEnvironment]
[DEBUG] Found key 'PROCESSOR_IDENTIFIER' in [systemEnvironment] with type [String] and value 'Intel64 Family 6 Model 76 Stepping 3, GenuineIntel'
[DEBUG] Searching for key 'ProgramFiles' in [systemProperties]
[DEBUG] Searching for key 'ProgramFiles' in [systemEnvironment]
[DEBUG] Found key 'ProgramFiles' in [systemEnvironment] with type [String] and value 'C:\Program Files'
[DEBUG] Searching for key 'PUBLIC' in [systemProperties]
[DEBUG] Searching for key 'PUBLIC' in [systemEnvironment]
[DEBUG] Found key 'PUBLIC' in [systemEnvironment] with type [String] and value 'C:\Users\Public'
[DEBUG] Searching for key 'windir' in [systemProperties]
[DEBUG] Searching for key 'windir' in [systemEnvironment]
[DEBUG] Found key 'windir' in [systemEnvironment] with type [String] and value 'C:\windows'
[DEBUG] Searching for key '=::' in [systemProperties]
[DEBUG] Searching for key '=::' in [systemEnvironment]
[DEBUG] Found key '=::' in [systemEnvironment] with type [String] and value '::\'
[DEBUG] Searching for key '_SKIP' in [systemProperties]
[DEBUG] Searching for key '_SKIP' in [systemEnvironment]
[DEBUG] Found key '_SKIP' in [systemEnvironment] with type [String] and value '2'
[DEBUG] Searching for key 'LOCALAPPDATA' in [systemProperties]
[DEBUG] Searching for key 'LOCALAPPDATA' in [systemEnvironment]
[DEBUG] Found key 'LOCALAPPDATA' in [systemEnvironment] with type [String] and value 'C:\Users\netoz\AppData\Local'
[DEBUG] Searching for key 'USERDOMAIN' in [systemProperties]
[DEBUG] Searching for key 'USERDOMAIN' in [systemEnvironment]
[DEBUG] Found key 'USERDOMAIN' in [systemEnvironment] with type [String] and value 'LAPTOP-D29UP5SP'
[DEBUG] Searching for key 'FPS_BROWSER_APP_PROFILE_STRING' in [systemProperties]
[DEBUG] Searching for key 'FPS_BROWSER_APP_PROFILE_STRING' in [systemEnvironment]
[DEBUG] Found key 'FPS_BROWSER_APP_PROFILE_STRING' in [systemEnvironment] with type [String] and value 'Internet Explorer'
[DEBUG] Searching for key 'LOGONSERVER' in [systemProperties]
[DEBUG] Searching for key 'LOGONSERVER' in [systemEnvironment]
[DEBUG] Found key 'LOGONSERVER' in [systemEnvironment] with type [String] and value '\\MicrosoftAccount'
[DEBUG] Searching for key 'JAVA_HOME' in [systemProperties]
[DEBUG] Searching for key 'JAVA_HOME' in [systemEnvironment]
[DEBUG] Found key 'JAVA_HOME' in [systemEnvironment] with type [String] and value 'C:\Program Files\Java\jre1.8.0_91'
[DEBUG] Searching for key 'PROMPT' in [systemProperties]
[DEBUG] Searching for key 'PROMPT' in [systemEnvironment]
[DEBUG] Found key 'PROMPT' in [systemEnvironment] with type [String] and value '$P$G'
[DEBUG] Searching for key 'VS120COMNTOOLS' in [systemProperties]
[DEBUG] Searching for key 'VS120COMNTOOLS' in [systemEnvironment]
[DEBUG] Found key 'VS120COMNTOOLS' in [systemEnvironment] with type [String] and value 'C:\Program Files (x86)\Microsoft Visual Studio 12.0\Common7\Tools\'
[DEBUG] Searching for key 'GRADLE_HOME' in [systemProperties]
[DEBUG] Searching for key 'GRADLE_HOME' in [systemEnvironment]
[DEBUG] Found key 'GRADLE_HOME' in [systemEnvironment] with type [String] and value 'C:\gradle-2.12'
[DEBUG] Searching for key '=C:' in [systemProperties]
[DEBUG] Searching for key '=C:' in [systemEnvironment]
[DEBUG] Found key '=C:' in [systemEnvironment] with type [String] and value 'C:\Users\netoz\Documents\workspace-sts-3.7.3.RELEASE\Social-UACM'
[DEBUG] Searching for key 'APPDATA' in [systemProperties]
[DEBUG] Searching for key 'APPDATA' in [systemEnvironment]
[DEBUG] Found key 'APPDATA' in [systemEnvironment] with type [String] and value 'C:\Users\netoz\AppData\Roaming'
[DEBUG] Searching for key 'JAVA_EXE' in [systemProperties]
[DEBUG] Searching for key 'JAVA_EXE' in [systemEnvironment]
[DEBUG] Found key 'JAVA_EXE' in [systemEnvironment] with type [String] and value 'C:\Program Files\Java\jre1.8.0_91/bin/java.exe'
[DEBUG] Searching for key 'CommonProgramFiles' in [systemProperties]
[DEBUG] Searching for key 'CommonProgramFiles' in [systemEnvironment]
[DEBUG] Found key 'CommonProgramFiles' in [systemEnvironment] with type [String] and value 'C:\Program Files\Common Files'
[DEBUG] Searching for key 'JMETER_HOME' in [systemProperties]
[DEBUG] Searching for key 'JMETER_HOME' in [systemEnvironment]
[DEBUG] Found key 'JMETER_HOME' in [systemEnvironment] with type [String] and value 'C:\JMeter'
[DEBUG] Searching for key 'Path' in [systemProperties]
[DEBUG] Searching for key 'Path' in [systemEnvironment]
[DEBUG] Found key 'Path' in [systemEnvironment] with type [String] and value 'C:\ProgramData\Oracle\Java\javapath;C:\Program Files (x86)\Intel\TXE Components\TCS\;C:\Program Files\Intel\TXE Components\TCS\;C:\windows\system32;C:\windows;C:\windows\System32\Wbem;C:\windows\System32\WindowsPowerShell\v1.0\;C:\Program Files\Intel\TXE Components\DAL\;C:\Program Files (x86)\Intel\TXE Components\DAL\;C:\Program Files\Intel\TXE Components\IPT\;C:\Program Files (x86)\Intel\TXE Components\IPT\;C:\Program Files\Java\jre1.8.0_91\bin;C:\gradle-2.12\bin;C:\Program Files (x86)\MySQL\MySQL Fabric 1.5 & MySQL Utilities 1.5\;C:\Program Files (x86)\MySQL\MySQL Fabric 1.5 & MySQL Utilities 1.5\Doctrine extensions for PHP\;C:\Program Files (x86)\Windows Live\Shared;C:\windows\system32\config\systemprofile\.dnx\bin;C:\Program Files\Microsoft DNX\Dnvm\;C:\Program Files\Microsoft SQL Server\130\Tools\Binn\;C:\JMeter\bin;C:\Program Files\Java\jre1.8.0_91\bin;C:\Program Files (x86)\Windows Kits\10\Windows Performance Toolkit\;C:\Program Files (x86)\nodejs\;C:\Program Files\Git\cmd;C:\Users\netoz\AppData\Roaming\npm'
[DEBUG] Searching for key 'OS' in [systemProperties]
[DEBUG] Searching for key 'OS' in [systemEnvironment]
[DEBUG] Found key 'OS' in [systemEnvironment] with type [String] and value 'Windows_NT'
[DEBUG] Searching for key 'COMPUTERNAME' in [systemProperties]
[DEBUG] Searching for key 'COMPUTERNAME' in [systemEnvironment]
[DEBUG] Found key 'COMPUTERNAME' in [systemEnvironment] with type [String] and value 'LAPTOP-D29UP5SP'
[DEBUG] Searching for key 'OnlineServices' in [systemProperties]
[DEBUG] Searching for key 'OnlineServices' in [systemEnvironment]
[DEBUG] Found key 'OnlineServices' in [systemEnvironment] with type [String] and value 'Online Services'
[DEBUG] Searching for key 'PROCESSOR_REVISION' in [systemProperties]
[DEBUG] Searching for key 'PROCESSOR_REVISION' in [systemEnvironment]
[DEBUG] Found key 'PROCESSOR_REVISION' in [systemEnvironment] with type [String] and value '4c03'
[DEBUG] Searching for key 'CLASSPATH' in [systemProperties]
[DEBUG] Searching for key 'CLASSPATH' in [systemEnvironment]
[DEBUG] Found key 'CLASSPATH' in [systemEnvironment] with type [String] and value 'C:\gradle-2.12\bin\..\lib\gradle-launcher-2.12.jar'
[DEBUG] Searching for key 'CommonProgramW6432' in [systemProperties]
[DEBUG] Searching for key 'CommonProgramW6432' in [systemEnvironment]
[DEBUG] Found key 'CommonProgramW6432' in [systemEnvironment] with type [String] and value 'C:\Program Files\Common Files'
[DEBUG] Searching for key 'ComSpec' in [systemProperties]
[DEBUG] Searching for key 'ComSpec' in [systemEnvironment]
[DEBUG] Found key 'ComSpec' in [systemEnvironment] with type [String] and value 'C:\windows\system32\cmd.exe'
[DEBUG] Searching for key 'APP_BASE_NAME' in [systemProperties]
[DEBUG] Searching for key 'APP_BASE_NAME' in [systemEnvironment]
[DEBUG] Found key 'APP_BASE_NAME' in [systemEnvironment] with type [String] and value 'gradle'
[DEBUG] Searching for key 'SystemRoot' in [systemProperties]
[DEBUG] Searching for key 'SystemRoot' in [systemEnvironment]
[DEBUG] Found key 'SystemRoot' in [systemEnvironment] with type [String] and value 'C:\windows'
[DEBUG] Searching for key 'TEMP' in [systemProperties]
[DEBUG] Searching for key 'TEMP' in [systemEnvironment]
[DEBUG] Found key 'TEMP' in [systemEnvironment] with type [String] and value 'C:\Users\netoz\AppData\Local\Temp'
[DEBUG] Searching for key 'HOMEDRIVE' in [systemProperties]
[DEBUG] Searching for key 'HOMEDRIVE' in [systemEnvironment]
[DEBUG] Found key 'HOMEDRIVE' in [systemEnvironment] with type [String] and value 'C:'
[DEBUG] Searching for key 'USERPROFILE' in [systemProperties]
[DEBUG] Searching for key 'USERPROFILE' in [systemEnvironment]
[DEBUG] Found key 'USERPROFILE' in [systemEnvironment] with type [String] and value 'C:\Users\netoz'
[DEBUG] Searching for key 'TMP' in [systemProperties]
[DEBUG] Searching for key 'TMP' in [systemEnvironment]
[DEBUG] Found key 'TMP' in [systemEnvironment] with type [String] and value 'C:\Users\netoz\AppData\Local\Temp'
[DEBUG] Searching for key 'VS110COMNTOOLS' in [systemProperties]
[DEBUG] Searching for key 'VS110COMNTOOLS' in [systemEnvironment]
[DEBUG] Found key 'VS110COMNTOOLS' in [systemEnvironment] with type [String] and value 'C:\Program Files (x86)\Microsoft Visual Studio 11.0\Common7\Tools\'
[DEBUG] Searching for key 'CommonProgramFiles(x86)' in [systemProperties]
[DEBUG] Searching for key 'CommonProgramFiles(x86)' in [systemEnvironment]
[DEBUG] Found key 'CommonProgramFiles(x86)' in [systemEnvironment] with type [String] and value 'C:\Program Files (x86)\Common Files'
[DEBUG] Searching for key 'NUMBER_OF_PROCESSORS' in [systemProperties]
[DEBUG] Searching for key 'NUMBER_OF_PROCESSORS' in [systemEnvironment]
[DEBUG] Found key 'NUMBER_OF_PROCESSORS' in [systemEnvironment] with type [String] and value '2'
[DEBUG] Searching for key 'spring.jmx.enabled' in [systemProperties]
[DEBUG] Searching for key 'spring.jmx.enabled' in [systemEnvironment]
[DEBUG] Searching for key 'spring.jmx.enabled' in [random]
[DEBUG] Searching for key 'spring.jmx.enabled' in [integrationTest]
[DEBUG] Found key 'spring.jmx.enabled' in [integrationTest] with type [String] and value 'false'
[DEBUG] Searching for key 'server.port' in [systemProperties]
[DEBUG] Searching for key 'server.port' in [systemEnvironment]
[DEBUG] Searching for key 'server.port' in [random]
[DEBUG] Searching for key 'server.port' in [integrationTest]
[DEBUG] Found key 'server.port' in [integrationTest] with type [String] and value '-1'
[DEBUG] Searching for key 'spring.datasource.url' in [systemProperties]
[DEBUG] Searching for key 'spring.datasource.url' in [systemEnvironment]
[DEBUG] Searching for key 'spring.datasource.url' in [random]
[DEBUG] Searching for key 'spring.datasource.url' in [integrationTest]
[DEBUG] Searching for key 'spring.datasource.url' in [applicationConfigurationProperties]
[DEBUG] Found key 'spring.datasource.url' in [applicationConfigurationProperties] with type [String] and value 'jdbc:mysql://localhost:3306/socialuacm'
[DEBUG] Searching for key 'spring.datasource.username' in [systemProperties]
[DEBUG] Searching for key 'spring.datasource.username' in [systemEnvironment]
[DEBUG] Searching for key 'spring.datasource.username' in [random]
[DEBUG] Searching for key 'spring.datasource.username' in [integrationTest]
[DEBUG] Searching for key 'spring.datasource.username' in [applicationConfigurationProperties]
[DEBUG] Found key 'spring.datasource.username' in [applicationConfigurationProperties] with type [String] and value 'root'
[DEBUG] Searching for key 'spring.jpa.hibernate.ddl-auto' in [systemProperties]
[DEBUG] Searching for key 'spring.jpa.hibernate.ddl-auto' in [systemEnvironment]
[DEBUG] Searching for key 'spring.jpa.hibernate.ddl-auto' in [random]
[DEBUG] Searching for key 'spring.jpa.hibernate.ddl-auto' in [integrationTest]
[DEBUG] Searching for key 'spring.jpa.hibernate.ddl-auto' in [applicationConfigurationProperties]
[DEBUG] Found key 'spring.jpa.hibernate.ddl-auto' in [applicationConfigurationProperties] with type [String] and value 'update'
[DEBUG] Searching for key 'spring.datasource.driver-class-name' in [systemProperties]
[DEBUG] Searching for key 'spring.datasource.driver-class-name' in [systemEnvironment]
[DEBUG] Searching for key 'spring.datasource.driver-class-name' in [random]
[DEBUG] Searching for key 'spring.datasource.driver-class-name' in [integrationTest]
[DEBUG] Searching for key 'spring.datasource.driver-class-name' in [applicationConfigurationProperties]
[DEBUG] Found key 'spring.datasource.driver-class-name' in [applicationConfigurationProperties] with type [String] and value 'com.mysql.jdbc.Driver'
[DEBUG] Searching for key 'spring.jpa.database' in [systemProperties]
[DEBUG] Searching for key 'spring.jpa.database' in [systemEnvironment]
[DEBUG] Searching for key 'spring.jpa.database' in [random]
[DEBUG] Searching for key 'spring.jpa.database' in [integrationTest]
[DEBUG] Searching for key 'spring.jpa.database' in [applicationConfigurationProperties]
[DEBUG] Found key 'spring.jpa.database' in [applicationConfigurationProperties] with type [String] and value 'MYSQL'
[DEBUG] Searching for key 'logging.level.edu.uacm' in [systemProperties]
[DEBUG] Searching for key 'logging.level.edu.uacm' in [systemEnvironment]
[DEBUG] Searching for key 'logging.level.edu.uacm' in [random]
[DEBUG] Searching for key 'logging.level.edu.uacm' in [integrationTest]
[DEBUG] Searching for key 'logging.level.edu.uacm' in [applicationConfigurationProperties]
[DEBUG] Found key 'logging.level.edu.uacm' in [applicationConfigurationProperties] with type [String] and value 'DEBUG'
[DEBUG] Searching for key 'spring.jpa.hibernate.naming-strategy' in [systemProperties]
[DEBUG] Searching for key 'spring.jpa.hibernate.naming-strategy' in [systemEnvironment]
[DEBUG] Searching for key 'spring.jpa.hibernate.naming-strategy' in [random]
[DEBUG] Searching for key 'spring.jpa.hibernate.naming-strategy' in [integrationTest]
[DEBUG] Searching for key 'spring.jpa.hibernate.naming-strategy' in [applicationConfigurationProperties]
[DEBUG] Found key 'spring.jpa.hibernate.naming-strategy' in [applicationConfigurationProperties] with type [String] and value 'org.hibernate.cfg.ImprovedNamingStrategy'
[DEBUG] Searching for key 'spring.datasource.password' in [systemProperties]
[DEBUG] Searching for key 'spring.datasource.password' in [systemEnvironment]
[DEBUG] Searching for key 'spring.datasource.password' in [random]
[DEBUG] Searching for key 'spring.datasource.password' in [integrationTest]
[DEBUG] Searching for key 'spring.datasource.password' in [applicationConfigurationProperties]
[DEBUG] Found key 'spring.datasource.password' in [applicationConfigurationProperties] with type [String] and value ''
[DEBUG] Searching for key 'spring.jpa.properties.hibernate.dialect' in [systemProperties]
[DEBUG] Searching for key 'spring.jpa.properties.hibernate.dialect' in [systemEnvironment]
[DEBUG] Searching for key 'spring.jpa.properties.hibernate.dialect' in [random]
[DEBUG] Searching for key 'spring.jpa.properties.hibernate.dialect' in [integrationTest]
[DEBUG] Searching for key 'spring.jpa.properties.hibernate.dialect' in [applicationConfigurationProperties]
[DEBUG] Found key 'spring.jpa.properties.hibernate.dialect' in [applicationConfigurationProperties] with type [String] and value 'org.hibernate.dialect.MySQL5Dialect'
[DEBUG] Searching for key 'spring.jpa.show-sql' in [systemProperties]
[DEBUG] Searching for key 'spring.jpa.show-sql' in [systemEnvironment]
[DEBUG] Searching for key 'spring.jpa.show-sql' in [random]
[DEBUG] Searching for key 'spring.jpa.show-sql' in [integrationTest]
[DEBUG] Searching for key 'spring.jpa.show-sql' in [applicationConfigurationProperties]
[DEBUG] Found key 'spring.jpa.show-sql' in [applicationConfigurationProperties] with type [String] and value 'true'
[DEBUG] Returning cached instance of singleton bean 'autoConfigurationReport'
[DEBUG] Searching for key 'spring.messages.basename' in [systemProperties]
[DEBUG] Searching for key 'spring.messages.basename' in [systemEnvironment]
[DEBUG] Searching for key 'spring.messages.basename' in [random]
[DEBUG] Searching for key 'spring.messages.basename' in [integrationTest]
[DEBUG] Searching for key 'spring.messages.basename' in [applicationConfigurationProperties]
[DEBUG] Could not find key 'spring.messages.basename' in any property source. Returning [null]
[...]

   RedisAutoConfiguration did not match
      - required @ConditionalOnClass classes not found: org.springframework.data.redis.connection.jedis.JedisConnection,org.springframework.data.redis.core.RedisOperations,redis.clients.jedis.Jedis (OnClassCondition)

   RepositoryRestMvcAutoConfiguration did not match
      - required @ConditionalOnClass classes not found: org.springframework.data.rest.webmvc.config.RepositoryRestMvcConfiguration (OnClassCondition)

   SecurityDataConfiguration did not match
      - required @ConditionalOnClass classes not found: org.springframework.security.data.repository.query.SecurityEvaluationContextExtension (OnClassCondition)

   SecurityFilterAutoConfiguration#securityProperties did not match
      - @ConditionalOnMissingBean (types: org.springframework.boot.autoconfigure.security.SecurityProperties; SearchStrategy: all) found the following [securityProperties] (OnBeanCondition)

   SendGridAutoConfiguration did not match
      - required @ConditionalOnClass classes not found: com.sendgrid.SendGrid (OnClassCondition)

   SessionAutoConfiguration did not match
      - required @ConditionalOnClass classes not found: org.springframework.session.Session (OnClassCondition)

   SitePreferenceAutoConfiguration did not match
      - required @ConditionalOnClass classes not found: org.springframework.mobile.device.site.SitePreferenceHandlerInterceptor,org.springframework.mobile.device.site.SitePreferenceHandlerMethodArgumentResolver (OnClassCondition)

   SocialWebAutoConfiguration did not match
      - required @ConditionalOnClass classes not found: org.springframework.social.connect.web.ConnectController,org.springframework.social.config.annotation.SocialConfigurerAdapter (OnClassCondition)

   SolrAutoConfiguration did not match
      - required @ConditionalOnClass classes not found: org.apache.solr.client.solrj.impl.HttpSolrServer,org.apache.solr.client.solrj.impl.CloudSolrServer,org.apache.solr.common.cloud.HashPartitioner (OnClassCondition)

   SolrRepositoriesAutoConfiguration did not match
      - required @ConditionalOnClass classes not found: org.apache.solr.client.solrj.SolrServer,org.springframework.data.solr.repository.SolrRepository (OnClassCondition)

   SpringApplicationAdminJmxAutoConfiguration did not match
      - @ConditionalOnProperty missing required properties spring.application.admin.enabled  (OnPropertyCondition)

   SpringBootWebSecurityConfiguration did not match
      - @ConditionalOnClass classes found: org.springframework.security.config.annotation.web.configuration.EnableWebSecurity,org.springframework.security.web.AuthenticationEntryPoint (OnClassCondition)
      - found web application 'session' scope (OnWebApplicationCondition)
      - @ConditionalOnMissingBean (types: org.springframework.security.config.annotation.web.configuration.WebSecurityConfiguration; SearchStrategy: all) found the following [org.springframework.security.config.annotation.web.configuration.WebSecurityConfiguration] (OnBeanCondition)

   SpringBootWebSecurityConfiguration.ApplicationNoWebSecurityConfigurerAdapter did not match
      - @ConditionalOnProperty missing required properties security.basic.enabled  (OnPropertyCondition)
      - Ancestor 'org.springframework.boot.autoconfigure.security.SpringBootWebSecurityConfiguration' did not match (ConditionEvaluationReport.AncestorsMatchedCondition)

   SpringBootWebSecurityConfiguration.ApplicationWebSecurityConfigurerAdapter did not match
      - matched (OnPropertyCondition)
      - Ancestor 'org.springframework.boot.autoconfigure.security.SpringBootWebSecurityConfiguration' did not match (ConditionEvaluationReport.AncestorsMatchedCondition)

   ThymeleafAutoConfiguration.DataAttributeDialectConfiguration did not match
      - required @ConditionalOnClass classes not found: com.github.mxab.thymeleaf.extras.dataattribute.dialect.DataAttributeDialect (OnClassCondition)

   ThymeleafAutoConfiguration.ThymeleafConditionalCommentsDialectConfiguration did not match
      - required @ConditionalOnClass classes not found: org.thymeleaf.extras.conditionalcomments.dialect.ConditionalCommentsDialect (OnClassCondition)

   ThymeleafAutoConfiguration.ThymeleafResourceHandlingConfig#resourceUrlEncodingFilter did not match
      - @ConditionalOnMissingBean (types: org.springframework.web.servlet.resource.ResourceUrlEncodingFilter; SearchStrategy: all) found no beans (OnBeanCondition)
      - Webjars locator (org.webjars.WebJarAssetLocator) is absent (OnEnabledResourceChainCondition)

   ThymeleafAutoConfiguration.ThymeleafSecurityDialectConfiguration did not match
      - required @ConditionalOnClass classes not found: org.thymeleaf.extras.springsecurity4.dialect.SpringSecurityDialect (OnClassCondition)

   ThymeleafAutoConfiguration.ThymeleafWebLayoutConfiguration did not match
      - required @ConditionalOnClass classes not found: nz.net.ultraq.thymeleaf.LayoutDialect (OnClassCondition)

   TwitterAutoConfiguration did not match
      - required @ConditionalOnClass classes not found: org.springframework.social.config.annotation.SocialConfigurerAdapter,org.springframework.social.twitter.connect.TwitterConnectionFactory (OnClassCondition)

   VelocityAutoConfiguration did not match
      - required @ConditionalOnClass classes not found: org.apache.velocity.app.VelocityEngine,org.springframework.ui.velocity.VelocityEngineFactory (OnClassCondition)

   WebMvcAutoConfiguration.ResourceChainCustomizerConfiguration did not match
      - Webjars locator (org.webjars.WebJarAssetLocator) is absent (OnEnabledResourceChainCondition)

   WebMvcAutoConfiguration.WebMvcAutoConfigurationAdapter#beanNameViewResolver did not match
      - @ConditionalOnBean (types: org.springframework.web.servlet.View; SearchStrategy: all) found no beans (OnBeanCondition)

   WebMvcAutoConfiguration.WebMvcAutoConfigurationAdapter#dateFormatter did not match
      - @ConditionalOnProperty missing required properties spring.mvc.date-format  (OnPropertyCondition)

   WebMvcAutoConfiguration.WebMvcAutoConfigurationAdapter#localeResolver did not match
      - @ConditionalOnMissingBean (types: org.springframework.web.servlet.LocaleResolver; SearchStrategy: all) found no beans (OnBeanCondition)
      - @ConditionalOnProperty missing required properties spring.mvc.locale  (OnPropertyCondition)

   WebSocketAutoConfiguration.JettyWebSocketConfiguration did not match
      - required @ConditionalOnClass classes not found: org.eclipse.jetty.websocket.jsr356.server.deploy.WebSocketServerContainerInitializer (OnClassCondition)

   WebSocketAutoConfiguration.UndertowWebSocketConfiguration did not match
      - required @ConditionalOnClass classes not found: io.undertow.websockets.jsr.Bootstrap (OnClassCondition)

   WebSocketMessagingAutoConfiguration did not match
      - required @ConditionalOnClass classes not found: org.springframework.web.socket.config.annotation.WebSocketMessageBrokerConfigurer (OnClassCondition)

   XADataSourceAutoConfiguration did not match
      - @ConditionalOnClass classes found: javax.sql.DataSource,javax.transaction.TransactionManager,org.springframework.jdbc.datasource.embedded.EmbeddedDatabaseType (OnClassCondition)
      - @ConditionalOnBean (types: org.springframework.boot.jta.XADataSourceWrapper; SearchStrategy: all) found no beans (OnBeanCondition)


Exclusions:
-----------

    None


Unconditional classes:
----------------------

   org.springframework.boot.autoconfigure.PropertyPlaceholderAutoConfiguration

   org.springframework.boot.autoconfigure.context.ConfigurationPropertiesAutoConfiguration



[DEBUG] Looking for resource handler mappings
[DEBUG] Returning cached instance of singleton bean 'viewControllerHandlerMapping'
[DEBUG] Returning cached instance of singleton bean 'resourceHandlerMapping'
[DEBUG] Returning cached instance of singleton bean 'faviconHandlerMapping'
[DEBUG] Found resource handler mapping: URL pattern="/**/favicon.ico", locations=[class path resource [META-INF/resources/], class path resource [resources/], class path resource [static/], class path resource [public/], class path resource []], resolvers=[org.springframework.web.servlet.resource.PathResourceResolver@1c26978a]
[DEBUG] Found resource handler mapping: URL pattern="/webjars/**", locations=[class path resource [META-INF/resources/webjars/]], resolvers=[org.springframework.web.servlet.resource.PathResourceResolver@4884fb7]
[DEBUG] Found resource handler mapping: URL pattern="/**", locations=[ServletContext resource [/], class path resource [META-INF/resources/], class path resource [resources/], class path resource [static/], class path resource [public/]], resolvers=[org.springframework.web.servlet.resource.PathResourceResolver@4aecedff]
[DEBUG] Searching for key 'spring.liveBeansView.mbeanDomain' in [systemProperties]
[DEBUG] Searching for key 'spring.liveBeansView.mbeanDomain' in [systemEnvironment]
[DEBUG] Searching for key 'spring.liveBeansView.mbeanDomain' in [random]
[DEBUG] Searching for key 'spring.liveBeansView.mbeanDomain' in [integrationTest]
[DEBUG] Searching for key 'spring.liveBeansView.mbeanDomain' in [applicationConfig: [classpath:/application.properties]]
[DEBUG] Could not find key 'spring.liveBeansView.mbeanDomain' in any property source. Returning [null]
[DEBUG] Returning cached instance of singleton bean 'delegatingApplicationListener'
[INFO] Started AlumnoTest in 54.189 seconds (JVM running for 61.92)
[DEBUG] Storing ApplicationContext in cache under key [[WebMergedContextConfiguration@220189aa testClass = AlumnoTest, locations = '{}', classes = '{class social.edu.uacm.Application}', contextInitializerClasses = '[]', activeProfiles = '{}', propertySourceLocations = '{}', propertySourceProperties = '{}', resourceBasePath = 'src/main/webapp', contextLoader = 'org.springframework.boot.test.SpringApplicationContextLoader', parent = [null]]]
[DEBUG] Spring test ApplicationContext cache statistics: [DefaultContextCache@7e76204 size = 1, parentContextCount = 0, hitCount = 0, missCount = 1]
[DEBUG] Setting up MockHttpServletRequest, MockHttpServletResponse, ServletWebRequest, and RequestContextHolder for test context [DefaultTestContext@14b252de testClass = AlumnoTest, testInstance = social.edu.uacm.test.AlumnoTest@5ef69a97, testMethod = [null], testException = [null], mergedContextConfiguration = [WebMergedContextConfiguration@220189aa testClass = AlumnoTest, locations = '{}', classes = '{class social.edu.uacm.Application}', contextInitializerClasses = '[]', activeProfiles = '{}', propertySourceLocations = '{}', propertySourceProperties = '{}', resourceBasePath = 'src/main/webapp', contextLoader = 'org.springframework.boot.test.SpringApplicationContextLoader', parent = [null]]].
[DEBUG] Performing dependency injection for test context [[DefaultTestContext@14b252de testClass = AlumnoTest, testInstance = social.edu.uacm.test.AlumnoTest@5ef69a97, testMethod = [null], testException = [null], mergedContextConfiguration = [WebMergedContextConfiguration@220189aa testClass = AlumnoTest, locations = '{}', classes = '{class social.edu.uacm.Application}', contextInitializerClasses = '[]', activeProfiles = '{}', propertySourceLocations = '{}', propertySourceProperties = '{}', resourceBasePath = 'src/main/webapp', contextLoader = 'org.springframework.boot.test.SpringApplicationContextLoader', parent = [null]]]].
[DEBUG] Retrieved ApplicationContext from cache with key [[WebMergedContextConfiguration@220189aa testClass = AlumnoTest, locations = '{}', classes = '{class social.edu.uacm.Application}', contextInitializerClasses = '[]', activeProfiles = '{}', propertySourceLocations = '{}', propertySourceProperties = '{}', resourceBasePath = 'src/main/webapp', contextLoader = 'org.springframework.boot.test.SpringApplicationContextLoader', parent = [null]]]
[DEBUG] Spring test ApplicationContext cache statistics: [DefaultContextCache@7e76204 size = 1, parentContextCount = 0, hitCount = 1, missCount = 1]
[DEBUG] Processing injected element of bean 'social.edu.uacm.test.AlumnoTest': AutowiredFieldElement for social.edu.uacm.domain.AlumnoRepository social.edu.uacm.test.AlumnoTest.alumnoRepository
[DEBUG] Returning cached instance of singleton bean 'alumnoRepository'
[DEBUG] Autowiring by type from bean name 'social.edu.uacm.test.AlumnoTest' to bean named 'alumnoRepository'
[DEBUG] Processing injected element of bean 'social.edu.uacm.test.AlumnoTest': AutowiredFieldElement for social.edu.uacm.domain.DocumentoRepository social.edu.uacm.test.AlumnoTest.documentoRepository
[DEBUG] Returning cached instance of singleton bean 'documentoRepository'
[DEBUG] Returning cached instance of singleton bean 'org.springframework.transaction.config.internalTransactionAdvisor'
[DEBUG] Returning cached instance of singleton bean 'org.springframework.transaction.config.internalTransactionAdvisor'
[DEBUG] Autowiring by type from bean name 'social.edu.uacm.test.AlumnoTest' to bean named 'documentoRepository'
[DEBUG] Returning cached instance of singleton bean 'org.springframework.transaction.config.internalTransactionAdvisor'
[DEBUG] Returning cached instance of singleton bean 'org.springframework.transaction.config.internalTransactionAdvisor'
[DEBUG] Before test method: context [DefaultTestContext@14b252de testClass = AlumnoTest, testInstance = social.edu.uacm.test.AlumnoTest@5ef69a97, testMethod = test@AlumnoTest, testException = [null], mergedContextConfiguration = [WebMergedContextConfiguration@220189aa testClass = AlumnoTest, locations = '{}', classes = '{class social.edu.uacm.Application}', contextInitializerClasses = '[]', activeProfiles = '{}', propertySourceLocations = '{}', propertySourceProperties = '{}', resourceBasePath = 'src/main/webapp', contextLoader = 'org.springframework.boot.test.SpringApplicationContextLoader', parent = [null]]], class annotated with @DirtiesContext [false] with mode [null], method annotated with @DirtiesContext [false] with mode [null].
[DEBUG] Adding transactional method 'save' with attribute: PROPAGATION_REQUIRED,ISOLATION_DEFAULT; ''
[DEBUG] Returning cached instance of singleton bean 'transactionManager'
[DEBUG] Creating new transaction with name [org.springframework.data.jpa.repository.support.SimpleJpaRepository.save]: PROPAGATION_REQUIRED,ISOLATION_DEFAULT; ''
[DEBUG] Opened new EntityManager [org.hibernate.jpa.internal.EntityManagerImpl@65d2c0ce] for JPA transaction
[DEBUG] begin
[DEBUG] Obtaining JDBC connection
[DEBUG] Obtained JDBC connection
[DEBUG] initial autocommit status: true
[DEBUG] disabling autocommit
[DEBUG] Exposing JPA transaction as JDBC transaction [org.springframework.orm.jpa.vendor.HibernateJpaDialect$HibernateConnectionHandle@58b8b3ad]
[DEBUG] Executing identity-insert immediately
[DEBUG] insert into alumno (contrasena, email, nombre, nombreusuario, plantel, telefono, web) values (?, ?, ?, ?, ?, ?, ?)
Hibernate: insert into alumno (contrasena, email, nombre, nombreusuario, plantel, telefono, web) values (?, ?, ?, ?, ?, ?, ?)
[DEBUG] Natively generated identity: 18
[DEBUG] Initiating transaction commit
[DEBUG] Committing JPA transaction on EntityManager [org.hibernate.jpa.internal.EntityManagerImpl@65d2c0ce]
[DEBUG] committing
[DEBUG] Processing flush-time cascades
[DEBUG] Dirty checking collections
[DEBUG] Flushed: 0 insertions, 0 updates, 0 deletions to 1 objects
[DEBUG] Flushed: 0 (re)creations, 0 updates, 0 removals to 0 collections
[DEBUG] Listing entities:
[DEBUG] social.edu.uacm.domain.Alumno{nombreusuario=muziek, documentos=null, web=www.alla.com.mx, contrasena=1234, id=18, telefono=54435345, nombre=Fernanda, plantel=1, email=muziek@hotmail.com}
[DEBUG] committed JDBC Connection
[DEBUG] re-enabling autocommit
[DEBUG] Closing JPA EntityManager [org.hibernate.jpa.internal.EntityManagerImpl@65d2c0ce] after transaction
[DEBUG] Closing JPA EntityManager
[DEBUG] Releasing JDBC connection
[DEBUG] Released JDBC connection
[DEBUG] Adding transactional method 'save' with attribute: PROPAGATION_REQUIRED,ISOLATION_DEFAULT; ''
[DEBUG] Returning cached instance of singleton bean 'transactionManager'
[DEBUG] Creating new transaction with name [org.springframework.data.jpa.repository.support.SimpleJpaRepository.save]: PROPAGATION_REQUIRED,ISOLATION_DEFAULT; ''
[DEBUG] Opened new EntityManager [org.hibernate.jpa.internal.EntityManagerImpl@27105670] for JPA transaction
[DEBUG] begin
[DEBUG] Obtaining JDBC connection
[DEBUG] Obtained JDBC connection
[DEBUG] initial autocommit status: true
[DEBUG] disabling autocommit
[DEBUG] Exposing JPA transaction as JDBC transaction [org.springframework.orm.jpa.vendor.HibernateJpaDialect$HibernateConnectionHandle@75a9ce4b]
[DEBUG] Executing identity-insert immediately
[DEBUG] insert into documentos (alumno, materia, nombreproyecto, tecnologia) values (?, ?, ?, ?)
Hibernate: insert into documentos (alumno, materia, nombreproyecto, tecnologia) values (?, ?, ?, ?)
[DEBUG] Natively generated identity: 32
[DEBUG] Initiating transaction commit
[DEBUG] Committing JPA transaction on EntityManager [org.hibernate.jpa.internal.EntityManagerImpl@27105670]
[DEBUG] committing
[DEBUG] Processing flush-time cascades
[DEBUG] Dirty checking collections
[DEBUG] Flushed: 0 insertions, 0 updates, 0 deletions to 1 objects
[DEBUG] Flushed: 0 (re)creations, 0 updates, 0 removals to 0 collections
[DEBUG] Listing entities:
[DEBUG] social.edu.uacm.domain.Documento{tecnologia=Spring, nombreproyecto=Metricas, iddocumentos=32, alumno=social.edu.uacm.domain.Alumno#18, materia=Metricas de software}
[DEBUG] committed JDBC Connection
[DEBUG] re-enabling autocommit
[DEBUG] Closing JPA EntityManager [org.hibernate.jpa.internal.EntityManagerImpl@27105670] after transaction
[DEBUG] Closing JPA EntityManager
[DEBUG] Releasing JDBC connection
[DEBUG] Released JDBC connection
[DEBUG] After test method: context [DefaultTestContext@14b252de testClass = AlumnoTest, testInstance = social.edu.uacm.test.AlumnoTest@5ef69a97, testMethod = test@AlumnoTest, testException = [null], mergedContextConfiguration = [WebMergedContextConfiguration@220189aa testClass = AlumnoTest, locations = '{}', classes = '{class social.edu.uacm.Application}', contextInitializerClasses = '[]', activeProfiles = '{}', propertySourceLocations = '{}', propertySourceProperties = '{}', resourceBasePath = 'src/main/webapp', contextLoader = 'org.springframework.boot.test.SpringApplicationContextLoader', parent = [null]]], class annotated with @DirtiesContext [false] with mode [null], method annotated with @DirtiesContext [false] with mode [null].
[DEBUG] Resetting RequestContextHolder for test context [DefaultTestContext@14b252de testClass = AlumnoTest, testInstance = social.edu.uacm.test.AlumnoTest@5ef69a97, testMethod = test@AlumnoTest, testException = [null], mergedContextConfiguration = [WebMergedContextConfiguration@220189aa testClass = AlumnoTest, locations = '{}', classes = '{class social.edu.uacm.Application}', contextInitializerClasses = '[]', activeProfiles = '{}', propertySourceLocations = '{}', propertySourceProperties = '{}', resourceBasePath = 'src/main/webapp', contextLoader = 'org.springframework.boot.test.SpringApplicationContextLoader', parent = [null]]].
[DEBUG] After test class: context [DefaultTestContext@14b252de testClass = AlumnoTest, testInstance = [null], testMethod = [null], testException = [null], mergedContextConfiguration = [WebMergedContextConfiguration@220189aa testClass = AlumnoTest, locations = '{}', classes = '{class social.edu.uacm.Application}', contextInitializerClasses = '[]', activeProfiles = '{}', propertySourceLocations = '{}', propertySourceProperties = '{}', resourceBasePath = 'src/main/webapp', contextLoader = 'org.springframework.boot.test.SpringApplicationContextLoader', parent = [null]]], class annotated with @DirtiesContext [false] with mode [null].
]]></system-out>
  <system-err><![CDATA[]]></system-err>
</testsuite>
